\BOOKMARK [0][-]{section*.2}{LEMBAR PERNYATAAN ORISINALITAS}{}% 1
\BOOKMARK [0][-]{section*.3}{LEMBAR PENGESAHAN}{}% 2
\BOOKMARK [0][-]{section*.4}{ABSTRAK}{}% 3
\BOOKMARK [0][-]{section*.5}{ABSTRACT}{}% 4
\BOOKMARK [0][-]{section*.6}{Lembar Persembahan}{}% 5
\BOOKMARK [0][-]{section*.7}{Kata Pengantar}{}% 6
\BOOKMARK [0][-]{section*.7}{DAFTAR GAMBAR}{}% 7
\BOOKMARK [0][-]{section*.7}{DAFTAR TABEL}{}% 8
\BOOKMARK [0][-]{chapter.1}{Pendahuluan}{}% 9
\BOOKMARK [1][-]{section.1.1}{Latar Belakang}{chapter.1}% 10
\BOOKMARK [1][-]{section.1.2}{Perumusan Masalah}{chapter.1}% 11
\BOOKMARK [1][-]{section.1.3}{Batasan Permasalahan}{chapter.1}% 12
\BOOKMARK [1][-]{section.1.4}{Tujuan}{chapter.1}% 13
\BOOKMARK [1][-]{section.1.5}{Metode Penyelesaian Masalah}{chapter.1}% 14
\BOOKMARK [1][-]{section.1.6}{Pembagian Tugas Anggota}{chapter.1}% 15
\BOOKMARK [0][-]{chapter.2}{Tinjauan Pustaka}{}% 16
\BOOKMARK [1][-]{section.2.1}{Teori A}{chapter.2}% 17
\BOOKMARK [1][-]{section.2.2}{Teori B}{chapter.2}% 18
\BOOKMARK [1][-]{section.2.3}{Teori C}{chapter.2}% 19
\BOOKMARK [1][-]{section.2.4}{Aplikasi Serupa}{chapter.2}% 20
\BOOKMARK [0][-]{chapter.3}{Analisis Kebutuhan dan Perancangan}{}% 21
\BOOKMARK [1][-]{section.3.1}{Sistem Arsitektur}{chapter.3}% 22
\BOOKMARK [2][-]{subsection.3.1.1}{Gambaran Umum Sistem}{section.3.1}% 23
\BOOKMARK [2][-]{subsection.3.1.2}{Target Pengguna Aplikasi}{section.3.1}% 24
\BOOKMARK [2][-]{subsection.3.1.3}{Spesifikasi Target Perangkat}{section.3.1}% 25
\BOOKMARK [2][-]{subsection.3.1.4}{Diagram Alir Aplikasi}{section.3.1}% 26
\BOOKMARK [1][-]{section.3.2}{Kebutuhan Pengembangan Sistem}{chapter.3}% 27
\BOOKMARK [1][-]{section.3.3}{Perancangan Model Program}{chapter.3}% 28
\BOOKMARK [2][-]{subsection.3.3.1}{Use Case Diagram}{section.3.3}% 29
\BOOKMARK [2][-]{subsection.3.3.2}{Use Case Skenario}{section.3.3}% 30
\BOOKMARK [1][-]{section.3.4}{Perancangan Aplikasi}{chapter.3}% 31
\BOOKMARK [2][-]{subsection.3.4.1}{Perancangan Antar Muka}{section.3.4}% 32
\BOOKMARK [2][-]{subsection.3.4.2}{Perancangan Level Tinggi}{section.3.4}% 33
\BOOKMARK [0][-]{chapter.4}{Implementasi dan Pengujian}{}% 34
\BOOKMARK [1][-]{section.4.1}{Implementasi Aplikasi}{chapter.4}% 35
\BOOKMARK [1][-]{section.4.2}{Pengujian Aplikasi}{chapter.4}% 36
\BOOKMARK [2][-]{subsection.4.2.1}{Pengujian Alpha}{section.4.2}% 37
\BOOKMARK [2][-]{subsection.4.2.2}{Pengujian Fungsionalitas}{section.4.2}% 38
\BOOKMARK [2][-]{subsection.4.2.3}{Pengujian Kesesuaian}{section.4.2}% 39
\BOOKMARK [2][-]{subsection.4.2.4}{Pengujian Beta}{section.4.2}% 40
\BOOKMARK [1][-]{section.4.3}{Diskusi Hasil Pengujian}{chapter.4}% 41
\BOOKMARK [0][-]{chapter.5}{Kesimpulan dan Saran}{}% 42
\BOOKMARK [1][-]{section.5.1}{Kesimpulan}{chapter.5}% 43
\BOOKMARK [1][-]{section.5.2}{Saran}{chapter.5}% 44
\BOOKMARK [0][-]{appendix.1.A}{LAMPIRAN Evolved Packet Core \(EPC\)}{}% 45
\BOOKMARK [1][-]{section.1.A.1}{Architecture EPC by 3GPP}{appendix.1.A}% 46
\BOOKMARK [1][-]{section.1.A.2}{Proposed a new architecture EPC}{appendix.1.A}% 47
\BOOKMARK [0][-]{appendix.1.B}{LAMPIRAN Preservation Process for Cloud Forensics}{}% 48
\BOOKMARK [1][-]{section.1.B.1}{SHA-2 Hash Value of Gdrive Activities}{appendix.1.B}% 49
\BOOKMARK [1][-]{section.1.B.2}{SHA-2 Hash Value of Onedrive Activities}{appendix.1.B}% 50
\BOOKMARK [1][-]{section.1.B.3}{SHA-2 Hash Value of Box Activities}{appendix.1.B}% 51
\BOOKMARK [0][-]{appendix.1.C}{LAMPIRAN Presentation Results for Box}{}% 52
\BOOKMARK [1][-]{section.1.C.1}{Box Analysis}{appendix.1.C}% 53
\BOOKMARK [1][-]{section.1.C.2}{Box Testing}{appendix.1.C}% 54
