This is pdfTeX, Version 3.14159265-2.6-1.40.21 (MiKTeX 2.9.7400 64-bit) (preloaded format=pdflatex 2020.5.4)  7 MAY 2020 23:47
entering extended mode
**./Main_Diploma.tex
(Main_Diploma.tex
LaTeX2e <2020-02-02> patch level 5
L3 programming layer <2020-04-06>
("C:\Program Files\MiKTeX 2.9\tex/latex/base\report.cls"
Document Class: report 2019/12/20 v1.4l Standard LaTeX document class
("C:\Program Files\MiKTeX 2.9\tex/latex/base\size12.clo"
File: size12.clo 2019/12/20 v1.4l Standard LaTeX file (size option)
)
\c@part=\count167
\c@chapter=\count168
\c@section=\count169
\c@subsection=\count170
\c@subsubsection=\count171
\c@paragraph=\count172
\c@subparagraph=\count173
\c@figure=\count174
\c@table=\count175
\abovecaptionskip=\skip47
\belowcaptionskip=\skip48
\bibindent=\dimen134
) (pa.sty
("C:\Program Files\MiKTeX 2.9\tex/latex/blindtext\blindtext.sty"
Package: blindtext 2012/01/06 V2.0 blindtext-Package

("C:\Program Files\MiKTeX 2.9\tex/latex/tools\xspace.sty"
Package: xspace 2014/10/28 v1.13 Space after command names (DPC,MH)
)
\c@blindtext=\count176
\c@Blindtext=\count177
\c@blind@countparstart=\count178
\blind@countxx=\count179
\blindtext@numBlindtext=\count180
\blind@countyy=\count181
\c@blindlist=\count182
\c@blindlistlevel=\count183
\c@blindlist@level=\count184
\blind@listitem=\count185
\c@blind@listcount=\count186
\c@blind@levelcount=\count187
\blind@mathformula=\count188
\blind@Mathformula=\count189
\c@blind@randomcount=\count190
\c@blind@randommax=\count191
\c@blind@pangramcount=\count192
\c@blind@pangrammax=\count193
)
("C:\Program Files\MiKTeX 2.9\tex/latex/tools\multicol.sty"
Package: multicol 2019/12/09 v1.8y multicolumn formatting (FMi)
\c@tracingmulticols=\count194
\mult@box=\box45
\multicol@leftmargin=\dimen135
\c@unbalance=\count195
\c@collectmore=\count196
\doublecol@number=\count197
\multicoltolerance=\count198
\multicolpretolerance=\count199
\full@width=\dimen136
\page@free=\dimen137
\premulticols=\dimen138
\postmulticols=\dimen139
\multicolsep=\skip49
\multicolbaselineskip=\skip50
\partial@page=\box46
\last@line=\box47
\maxbalancingoverflow=\dimen140
\mult@rightbox=\box48
\mult@grightbox=\box49
\mult@gfirstbox=\box50
\mult@firstbox=\box51
\@tempa=\box52
\@tempa=\box53
\@tempa=\box54
\@tempa=\box55
\@tempa=\box56
\@tempa=\box57
\@tempa=\box58
\@tempa=\box59
\@tempa=\box60
\@tempa=\box61
\@tempa=\box62
\@tempa=\box63
\@tempa=\box64
\@tempa=\box65
\@tempa=\box66
\@tempa=\box67
\@tempa=\box68
\@tempa=\box69
\@tempa=\box70
\@tempa=\box71
\@tempa=\box72
\@tempa=\box73
\@tempa=\box74
\@tempa=\box75
\@tempa=\box76
\@tempa=\box77
\@tempa=\box78
\@tempa=\box79
\@tempa=\box80
\@tempa=\box81
\@tempa=\box82
\@tempa=\box83
\@tempa=\box84
\@tempa=\box85
\@tempa=\box86
\@tempa=\box87
\@tempa=\box88
\c@minrows=\count266
\c@columnbadness=\count267
\c@finalcolumnbadness=\count268
\last@try=\dimen141
\multicolovershoot=\dimen142
\multicolundershoot=\dimen143
\mult@nat@firstbox=\box89
\colbreak@box=\box90
\mc@col@check@num=\count269
)
("C:\Program Files\MiKTeX 2.9\tex/latex/cite\cite.sty"
LaTeX Info: Redefining \cite on input line 302.
LaTeX Info: Redefining \nocite on input line 332.
Package: cite 2015/02/27  v 5.5
)
("C:\Program Files\MiKTeX 2.9\tex/latex/hyperref\hyperref.sty"
Package: hyperref 2020/01/14 v7.00d Hypertext links for LaTeX

("C:\Program Files\MiKTeX 2.9\tex/generic/ltxcmds\ltxcmds.sty"
Package: ltxcmds 2019/12/15 v1.24 LaTeX kernel commands for general use (HO)
)
("C:\Program Files\MiKTeX 2.9\tex/generic/iftex\iftex.sty"
Package: iftex 2020/03/06 v1.0d TeX engine tests
)
("C:\Program Files\MiKTeX 2.9\tex/latex/pdftexcmds\pdftexcmds.sty"
Package: pdftexcmds 2019/11/24 v0.31 Utility functions of pdfTeX for LuaTeX (HO
)

("C:\Program Files\MiKTeX 2.9\tex/generic/infwarerr\infwarerr.sty"
Package: infwarerr 2019/12/03 v1.5 Providing info/warning/error messages (HO)
)
Package pdftexcmds Info: \pdf@primitive is available.
Package pdftexcmds Info: \pdf@ifprimitive is available.
Package pdftexcmds Info: \pdfdraftmode found.
)
("C:\Program Files\MiKTeX 2.9\tex/latex/graphics\keyval.sty"
Package: keyval 2014/10/28 v1.15 key=value parser (DPC)
\KV@toks@=\toks15
)
("C:\Users\Zakaria Wahyu\AppData\Roaming\MiKTeX\2.9\tex/generic/kvsetkeys\kvset
keys.sty"
Package: kvsetkeys 2019/12/15 v1.18 Key value parser (HO)
)
("C:\Program Files\MiKTeX 2.9\tex/generic/kvdefinekeys\kvdefinekeys.sty"
Package: kvdefinekeys 2019-12-19 v1.6 Define keys (HO)
)
("C:\Program Files\MiKTeX 2.9\tex/generic/pdfescape\pdfescape.sty"
Package: pdfescape 2019/12/09 v1.15 Implements pdfTeX's escape features (HO)
)
("C:\Program Files\MiKTeX 2.9\tex/latex/hycolor\hycolor.sty"
Package: hycolor 2020-01-27 v1.10 Color options for hyperref/bookmark (HO)
)
("C:\Users\Zakaria Wahyu\AppData\Roaming\MiKTeX\2.9\tex/latex/letltxmacro\letlt
xmacro.sty"
Package: letltxmacro 2019/12/03 v1.6 Let assignment for LaTeX macros (HO)
) ("C:\Program Files\MiKTeX 2.9\tex/latex/auxhook\auxhook.sty"
Package: auxhook 2019-12-17 v1.6 Hooks for auxiliary files (HO)
)
("C:\Program Files\MiKTeX 2.9\tex/latex/kvoptions\kvoptions.sty"
Package: kvoptions 2019/11/29 v3.13 Key value format for package options (HO)
)
\@linkdim=\dimen144
\Hy@linkcounter=\count270
\Hy@pagecounter=\count271

("C:\Program Files\MiKTeX 2.9\tex/latex/hyperref\pd1enc.def"
File: pd1enc.def 2020/01/14 v7.00d Hyperref: PDFDocEncoding definition (HO)
Now handling font encoding PD1 ...
... no UTF-8 mapping file for font encoding PD1
)
("C:\Program Files\MiKTeX 2.9\tex/generic/intcalc\intcalc.sty"
Package: intcalc 2019/12/15 v1.3 Expandable calculations with integers (HO)
)
("C:\Program Files\MiKTeX 2.9\tex/generic/etexcmds\etexcmds.sty"
Package: etexcmds 2019/12/15 v1.7 Avoid name clashes with e-TeX commands (HO)
)
\Hy@SavedSpaceFactor=\count272
Package hyperref Info: Option `final' set `true' on input line 4421.
Package hyperref Info: Hyper figures OFF on input line 4547.
Package hyperref Info: Link nesting OFF on input line 4552.
Package hyperref Info: Hyper index ON on input line 4555.
Package hyperref Info: Plain pages OFF on input line 4562.
Package hyperref Info: Backreferencing OFF on input line 4567.
Package hyperref Info: Implicit mode ON; LaTeX internals redefined.
Package hyperref Info: Bookmarks ON on input line 4800.
\c@Hy@tempcnt=\count273

("C:\Program Files\MiKTeX 2.9\tex/latex/url\url.sty"
\Urlmuskip=\muskip16
Package: url 2013/09/16  ver 3.4  Verb mode for urls, etc.
)
LaTeX Info: Redefining \url on input line 5159.
\XeTeXLinkMargin=\dimen145

("C:\Program Files\MiKTeX 2.9\tex/generic/bitset\bitset.sty"
Package: bitset 2019/12/09 v1.3 Handle bit-vector datatype (HO)

("C:\Program Files\MiKTeX 2.9\tex/generic/bigintcalc\bigintcalc.sty"
Package: bigintcalc 2019/12/15 v1.5 Expandable calculations on big integers (HO
)
))
\Fld@menulength=\count274
\Field@Width=\dimen146
\Fld@charsize=\dimen147
Package hyperref Info: Hyper figures OFF on input line 6430.
Package hyperref Info: Link nesting OFF on input line 6435.
Package hyperref Info: Hyper index ON on input line 6438.
Package hyperref Info: backreferencing OFF on input line 6445.
Package hyperref Info: Link coloring OFF on input line 6450.
Package hyperref Info: Link coloring with OCG OFF on input line 6455.
Package hyperref Info: PDF/A mode OFF on input line 6460.
LaTeX Info: Redefining \ref on input line 6500.
LaTeX Info: Redefining \pageref on input line 6504.

("C:\Program Files\MiKTeX 2.9\tex/generic/atbegshi\atbegshi.sty"
Package: atbegshi 2019/12/05 v1.19 At begin shipout hook (HO)
)
\Hy@abspage=\count275
\c@Item=\count276
\c@Hfootnote=\count277
)
Package hyperref Info: Driver (autodetected): hpdftex.

("C:\Program Files\MiKTeX 2.9\tex/latex/hyperref\hpdftex.def"
File: hpdftex.def 2020/01/14 v7.00d Hyperref driver for pdfTeX

("C:\Program Files\MiKTeX 2.9\tex/latex/atveryend\atveryend.sty"
Package: atveryend 2019-12-11 v1.11 Hooks at the very end of document (HO)
Package atveryend Info: \enddocument detected (standard20110627).
)
\Fld@listcount=\count278
\c@bookmark@seq@number=\count279

("C:\Program Files\MiKTeX 2.9\tex/latex/rerunfilecheck\rerunfilecheck.sty"
Package: rerunfilecheck 2019/12/05 v1.9 Rerun checks for auxiliary files (HO)

("C:\Program Files\MiKTeX 2.9\tex/generic/uniquecounter\uniquecounter.sty"
Package: uniquecounter 2019/12/15 v1.4 Provide unlimited unique counter (HO)
)
Package uniquecounter Info: New unique counter `rerunfilecheck' on input line 2
86.
)
\Hy@SectionHShift=\skip51
)
("C:\Program Files\MiKTeX 2.9\tex/latex/graphics\lscape.sty"
Package: lscape 2000/10/22 v3.01 Landscape Pages (DPC)

("C:\Program Files\MiKTeX 2.9\tex/latex/graphics\graphics.sty"
Package: graphics 2019/11/30 v1.4a Standard LaTeX Graphics (DPC,SPQR)

("C:\Program Files\MiKTeX 2.9\tex/latex/graphics\trig.sty"
Package: trig 2016/01/03 v1.10 sin cos tan (DPC)
)
("C:\Program Files\MiKTeX 2.9\tex/latex/graphics-cfg\graphics.cfg"
File: graphics.cfg 2016/06/04 v1.11 sample graphics configuration
)
Package graphics Info: Driver file: pdftex.def on input line 105.

("C:\Program Files\MiKTeX 2.9\tex/latex/graphics-def\pdftex.def"
File: pdftex.def 2018/01/08 v1.0l Graphics/color driver for pdftex
)))
("C:\Program Files\MiKTeX 2.9\tex/latex/tocbibind\tocbibind.sty"
Package: tocbibind 2010/10/13 v1.5k extra ToC listings
Package tocbibind Info: The document has chapter divisions on input line 50.


Package tocbibind Note: Using chapter style headings, unless overridden.

) ("C:\Program Files\MiKTeX 2.9\tex/latex/appendix\appendix.sty"
Package: appendix 2020/02/08 v1.2c extra appendix facilities
\c@@pps=\count280
\c@@ppsavesec=\count281
\c@@ppsaveapp=\count282
)
("C:\Program Files\MiKTeX 2.9\tex/latex/multirow\multirow.sty"
Package: multirow 2019/05/31 v2.5 Span multiple rows of a table
\multirow@colwidth=\skip52
\multirow@cntb=\count283
\multirow@dima=\skip53
\bigstrutjot=\dimen148
)
("C:\Program Files\MiKTeX 2.9\tex/latex/graphics\graphicx.sty"
Package: graphicx 2019/11/30 v1.2a Enhanced LaTeX Graphics (DPC,SPQR)
\Gin@req@height=\dimen149
\Gin@req@width=\dimen150
)
("C:\Program Files\MiKTeX 2.9\tex/latex/setspace\setspace.sty"
Package: setspace 2011/12/19 v6.7a set line spacing
)
("C:\Program Files\MiKTeX 2.9\tex/latex/geometry\geometry.sty"
Package: geometry 2020/01/02 v5.9 Page Geometry

("C:\Program Files\MiKTeX 2.9\tex/generic/iftex\ifvtex.sty"
Package: ifvtex 2019/10/25 v1.7 ifvtex legacy package. Use iftex instead.
)
\Gm@cnth=\count284
\Gm@cntv=\count285
\c@Gm@tempcnt=\count286
\Gm@bindingoffset=\dimen151
\Gm@wd@mp=\dimen152
\Gm@odd@mp=\dimen153
\Gm@even@mp=\dimen154
\Gm@layoutwidth=\dimen155
\Gm@layoutheight=\dimen156
\Gm@layouthoffset=\dimen157
\Gm@layoutvoffset=\dimen158
\Gm@dimlist=\toks16

("C:\Program Files\MiKTeX 2.9\tex/latex/geometry\geometry.cfg"))
("C:\Program Files\MiKTeX 2.9\tex/latex/caption\caption.sty"
Package: caption 2020/01/03 v3.4h Customizing captions (AR)

("C:\Program Files\MiKTeX 2.9\tex/latex/caption\caption3.sty"
Package: caption3 2020/01/03 v1.8h caption3 kernel (AR)
Package caption3 Info: TeX engine: e-TeX on input line 61.
\captionmargin=\dimen159
\captionmargin@=\dimen160
\captionwidth=\dimen161
\caption@tempdima=\dimen162
\caption@indent=\dimen163
\caption@parindent=\dimen164
\caption@hangindent=\dimen165
Package caption Info: Standard document class detected.
)
\c@caption@flags=\count287
\c@continuedfloat=\count288
Package caption Info: hyperref package is loaded.
)
("C:\Program Files\MiKTeX 2.9\tex/latex/caption\subcaption.sty"
Package: subcaption 2020/01/22 v1.3d Sub-captions (AR)
\c@subfigure=\count289
\c@subtable=\count290
)
("C:\Program Files\MiKTeX 2.9\tex/latex/amsmath\amsmath.sty"
Package: amsmath 2020/01/20 v2.17e AMS math features
\@mathmargin=\skip54

For additional information on amsmath, use the `?' option.
("C:\Program Files\MiKTeX 2.9\tex/latex/amsmath\amstext.sty"
Package: amstext 2000/06/29 v2.01 AMS text

("C:\Program Files\MiKTeX 2.9\tex/latex/amsmath\amsgen.sty"
File: amsgen.sty 1999/11/30 v2.0 generic functions
\@emptytoks=\toks17
\ex@=\dimen166
))
("C:\Program Files\MiKTeX 2.9\tex/latex/amsmath\amsbsy.sty"
Package: amsbsy 1999/11/29 v1.2d Bold Symbols
\pmbraise@=\dimen167
)
("C:\Program Files\MiKTeX 2.9\tex/latex/amsmath\amsopn.sty"
Package: amsopn 2016/03/08 v2.02 operator names
)
\inf@bad=\count291
LaTeX Info: Redefining \frac on input line 227.
\uproot@=\count292
\leftroot@=\count293
LaTeX Info: Redefining \overline on input line 389.
\classnum@=\count294
\DOTSCASE@=\count295
LaTeX Info: Redefining \ldots on input line 486.
LaTeX Info: Redefining \dots on input line 489.
LaTeX Info: Redefining \cdots on input line 610.
\Mathstrutbox@=\box91
\strutbox@=\box92
\big@size=\dimen168
LaTeX Font Info:    Redeclaring font encoding OML on input line 733.
LaTeX Font Info:    Redeclaring font encoding OMS on input line 734.
\macc@depth=\count296
\c@MaxMatrixCols=\count297
\dotsspace@=\muskip17
\c@parentequation=\count298
\dspbrk@lvl=\count299
\tag@help=\toks18
\row@=\count300
\column@=\count301
\maxfields@=\count302
\andhelp@=\toks19
\eqnshift@=\dimen169
\alignsep@=\dimen170
\tagshift@=\dimen171
\tagwidth@=\dimen172
\totwidth@=\dimen173
\lineht@=\dimen174
\@envbody=\toks20
\multlinegap=\skip55
\multlinetaggap=\skip56
\mathdisplay@stack=\toks21
LaTeX Info: Redefining \[ on input line 2859.
LaTeX Info: Redefining \] on input line 2860.
)
("C:\Program Files\MiKTeX 2.9\tex/latex/pslatex\pslatex.sty"
Package: pslatex 1996/07/24 v1.2 pslatex emulation (DPC)
LaTeX Font Info:    Redeclaring symbol font `operators' on input line 65.
LaTeX Font Info:    Overwriting symbol font `operators' in version `normal'
(Font)                  OT1/cmr/m/n --> OT1/ptmcm/m/n on input line 65.
LaTeX Font Info:    Overwriting symbol font `operators' in version `bold'
(Font)                  OT1/cmr/bx/n --> OT1/ptmcm/m/n on input line 65.
LaTeX Font Info:    Redeclaring symbol font `letters' on input line 66.
LaTeX Font Info:    Overwriting symbol font `letters' in version `normal'
(Font)                  OML/cmm/m/it --> OML/ptmcm/m/it on input line 66.
LaTeX Font Info:    Overwriting symbol font `letters' in version `bold'
(Font)                  OML/cmm/b/it --> OML/ptmcm/m/it on input line 66.
LaTeX Font Info:    Redeclaring symbol font `symbols' on input line 67.
LaTeX Font Info:    Overwriting symbol font `symbols' in version `normal'
(Font)                  OMS/cmsy/m/n --> OMS/pzccm/m/n on input line 67.
LaTeX Font Info:    Overwriting symbol font `symbols' in version `bold'
(Font)                  OMS/cmsy/b/n --> OMS/pzccm/m/n on input line 67.
LaTeX Font Info:    Redeclaring symbol font `largesymbols' on input line 68.
LaTeX Font Info:    Overwriting symbol font `largesymbols' in version `normal'
(Font)                  OMX/cmex/m/n --> OMX/psycm/m/n on input line 68.
LaTeX Font Info:    Overwriting symbol font `largesymbols' in version `bold'
(Font)                  OMX/cmex/m/n --> OMX/psycm/m/n on input line 68.
\symbold=\mathgroup4
\symitalic=\mathgroup5
LaTeX Font Info:    Redeclaring math alphabet \mathbf on input line 74.
LaTeX Font Info:    Overwriting math alphabet `\mathbf' in version `normal'
(Font)                  OT1/cmr/bx/n --> OT1/ptm/bx/n on input line 74.
LaTeX Font Info:    Overwriting math alphabet `\mathbf' in version `bold'
(Font)                  OT1/cmr/bx/n --> OT1/ptm/bx/n on input line 74.
LaTeX Font Info:    Redeclaring math alphabet \mathit on input line 75.
LaTeX Font Info:    Overwriting math alphabet `\mathit' in version `normal'
(Font)                  OT1/cmr/m/it --> OT1/ptm/m/it on input line 75.
LaTeX Font Info:    Overwriting math alphabet `\mathit' in version `bold'
(Font)                  OT1/cmr/bx/it --> OT1/ptm/m/it on input line 75.


LaTeX Warning: Font shape declaration has incorrect series value `mc'.
               It should not contain an `m'! Please correct it.
               Found on input line 226.


LaTeX Warning: Font shape declaration has incorrect series value `mc'.
               It should not contain an `m'! Please correct it.
               Found on input line 230.


LaTeX Warning: Font shape declaration has incorrect series value `mc'.
               It should not contain an `m'! Please correct it.
               Found on input line 234.


LaTeX Warning: Font shape declaration has incorrect series value `mc'.
               It should not contain an `m'! Please correct it.
               Found on input line 243.


LaTeX Warning: Font shape declaration has incorrect series value `mc'.
               It should not contain an `m'! Please correct it.
               Found on input line 384.


LaTeX Warning: Font shape declaration has incorrect series value `mc'.
               It should not contain an `m'! Please correct it.
               Found on input line 388.


LaTeX Warning: Font shape declaration has incorrect series value `mc'.
               It should not contain an `m'! Please correct it.
               Found on input line 392.


LaTeX Warning: Font shape declaration has incorrect series value `mc'.
               It should not contain an `m'! Please correct it.
               Found on input line 401.

) ("C:\Program Files\MiKTeX 2.9\tex/latex/fancyhdr\fancyhdr.sty"
Package: fancyhdr 2019/01/31 v3.10 Extensive control of page headers and footer
s
\f@nch@headwidth=\skip57
\f@nch@O@elh=\skip58
\f@nch@O@erh=\skip59
\f@nch@O@olh=\skip60
\f@nch@O@orh=\skip61
\f@nch@O@elf=\skip62
\f@nch@O@erf=\skip63
\f@nch@O@olf=\skip64
\f@nch@O@orf=\skip65
)
("C:\Program Files\MiKTeX 2.9\tex/latex/pdfpages\pdfpages.sty"
Package: pdfpages 2020/01/28 v0.5q Insert pages of external PDF documents (AM)

("C:\Program Files\MiKTeX 2.9\tex/latex/base\ifthen.sty"
Package: ifthen 2014/09/29 v1.1c Standard LaTeX ifthen package (DPC)
)
("C:\Program Files\MiKTeX 2.9\tex/latex/tools\calc.sty"
Package: calc 2017/05/25 v4.3 Infix arithmetic (KKT,FJ)
\calc@Acount=\count303
\calc@Bcount=\count304
\calc@Adimen=\dimen175
\calc@Bdimen=\dimen176
\calc@Askip=\skip66
\calc@Bskip=\skip67
LaTeX Info: Redefining \setlength on input line 80.
LaTeX Info: Redefining \addtolength on input line 81.
\calc@Ccount=\count305
\calc@Cskip=\skip68
)
("C:\Program Files\MiKTeX 2.9\tex/latex/eso-pic\eso-pic.sty"
Package: eso-pic 2018/04/12 v2.0h eso-pic (RN)

("C:\Program Files\MiKTeX 2.9\tex/latex/xcolor\xcolor.sty"
Package: xcolor 2016/05/11 v2.12 LaTeX color extensions (UK)

("C:\Program Files\MiKTeX 2.9\tex/latex/graphics-cfg\color.cfg"
File: color.cfg 2016/01/02 v1.6 sample color configuration
)
Package xcolor Info: Driver file: pdftex.def on input line 225.
Package xcolor Info: Model `cmy' substituted by `cmy0' on input line 1348.
Package xcolor Info: Model `hsb' substituted by `rgb' on input line 1352.
Package xcolor Info: Model `RGB' extended on input line 1364.
Package xcolor Info: Model `HTML' substituted by `rgb' on input line 1366.
Package xcolor Info: Model `Hsb' substituted by `hsb' on input line 1367.
Package xcolor Info: Model `tHsb' substituted by `hsb' on input line 1368.
Package xcolor Info: Model `HSB' substituted by `hsb' on input line 1369.
Package xcolor Info: Model `Gray' substituted by `gray' on input line 1370.
Package xcolor Info: Model `wave' substituted by `hsb' on input line 1371.
))
\AM@pagewidth=\dimen177
\AM@pageheight=\dimen178

("C:\Program Files\MiKTeX 2.9\tex/latex/pdfpages\pppdftex.def"
File: pppdftex.def 2020/01/28 v0.5q Pdfpages driver for pdfTeX (AM)
)
\AM@pagebox=\box93
\AM@global@opts=\toks22
\AM@pagecnt=\count306
\AM@toc@title=\toks23
\c@AM@survey=\count307
\AM@templatesizebox=\box94
) (fncychap.sty
Package: fncychap 2007/07/30 v1.34 LaTeX package (Revised chapters)
\RW=\skip69
\mylen=\skip70
\myhi=\skip71
\px=\skip72
\py=\skip73
\pyy=\skip74
\pxx=\skip75
) ("C:\Program Files\MiKTeX 2.9\tex/latex/colortbl\colortbl.sty"
Package: colortbl 2020/01/04 v1.0e Color table columns (DPC)

("C:\Program Files\MiKTeX 2.9\tex/latex/tools\array.sty"
Package: array 2019/08/31 v2.4l Tabular extension package (FMi)
\col@sep=\dimen179
\ar@mcellbox=\box95
\extrarowheight=\dimen180
\NC@list=\toks24
\extratabsurround=\skip76
\backup@length=\skip77
\ar@cellbox=\box96
)
\everycr=\toks25
\minrowclearance=\skip78
)
("C:\Program Files\MiKTeX 2.9\tex/latex/float\float.sty"
Package: float 2001/11/08 v1.3d Float enhancements (AL)
\c@float@type=\count308
\float@exts=\toks26
\float@box=\box97
\@float@everytoks=\toks27
\@floatcapt=\box98
) (algorithm.sty
Package: algorithm 2009/08/24 v0.1 Document Style `algorithm' - floating enviro
nment
\@float@every@algorithm=\toks28
\c@algorithm=\count309
)
(algorithmicx.sty
Package: algorithmicx 2005/04/27 v1.2 Algorithmicx

Document Style algorithmicx 1.2 - a greatly improved `algorithmic' style
\c@ALG@line=\count310
\c@ALG@rem=\count311
\c@ALG@nested=\count312
\ALG@tlm=\skip79
\ALG@thistlm=\skip80
\c@ALG@Lnr=\count313
\c@ALG@blocknr=\count314
\c@ALG@storecount=\count315
\c@ALG@tmpcounter=\count316
\ALG@tmplength=\skip81
) (algpseudocode.sty
Package: algpseudocode 

Document Style - pseudocode environments for use with the `algorithmicx' style
) ("C:\Program Files\MiKTeX 2.9\tex/latex/amsfonts\amssymb.sty"
Package: amssymb 2013/01/14 v3.01 AMS font symbols

("C:\Program Files\MiKTeX 2.9\tex/latex/amsfonts\amsfonts.sty"
Package: amsfonts 2013/01/14 v3.01 Basic AMSFonts support
\symAMSa=\mathgroup6
\symAMSb=\mathgroup7
LaTeX Font Info:    Redeclaring math symbol \hbar on input line 98.
LaTeX Font Info:    Overwriting math alphabet `\mathfrak' in version `bold'
(Font)                  U/euf/m/n --> U/euf/b/n on input line 106.
))
("C:\Program Files\MiKTeX 2.9\tex/latex/amsmath\amscd.sty"
Package: amscd 2017/04/14 v2.1 AMS Commutative Diagrams
\athelp@=\toks29
\minaw@=\dimen181
\bigaw@=\dimen182
\minCDarrowwidth=\dimen183
)
("C:\Program Files\MiKTeX 2.9\tex/latex/tools\indentfirst.sty"
Package: indentfirst 1995/11/23 v1.03 Indent first paragraph (DPC)
)
("C:\Program Files\MiKTeX 2.9\tex/latex/base\fixltx2e.sty"
Package: fixltx2e 2016/12/29 v2.1a fixes to LaTeX (obsolete)
Applying: [2015/01/01] Old fixltx2e package on input line 46.


Package fixltx2e Warning: fixltx2e is not required with releases after 2015
(fixltx2e)                All fixes are now in the LaTeX kernel.
(fixltx2e)                See the latexrelease package for details.

Already applied: [0000/00/00] Old fixltx2e package on input line 53.
) ("C:\Program Files\MiKTeX 2.9\tex/latex/ulem\ulem.sty"
\UL@box=\box99
\UL@hyphenbox=\box100
\UL@skip=\skip82
\UL@hook=\toks30
\UL@height=\dimen184
\UL@pe=\count317
\UL@pixel=\dimen185
\ULC@box=\box101
Package: ulem 2019/11/18
\ULdepth=\dimen186
)
("C:\Program Files\MiKTeX 2.9\tex/latex/listings\listings.sty"
\lst@mode=\count318
\lst@gtempboxa=\box102
\lst@token=\toks31
\lst@length=\count319
\lst@currlwidth=\dimen187
\lst@column=\count320
\lst@pos=\count321
\lst@lostspace=\dimen188
\lst@width=\dimen189
\lst@newlines=\count322
\lst@lineno=\count323
\lst@maxwidth=\dimen190

("C:\Program Files\MiKTeX 2.9\tex/latex/listings\lstmisc.sty"
File: lstmisc.sty 2020/03/24 1.8d (Carsten Heinz)
\c@lstnumber=\count324
\lst@skipnumbers=\count325
\lst@framebox=\box103
)
("C:\Program Files\MiKTeX 2.9\tex/latex/listings\listings.cfg"
File: listings.cfg 2020/03/24 1.8d listings configuration
))
Package: listings 2020/03/24 1.8d (Carsten Heinz)

("C:\Program Files\MiKTeX 2.9\tex/latex/pgf/frontendlayer\tikz.sty"
("C:\Program Files\MiKTeX 2.9\tex/latex/pgf/basiclayer\pgf.sty"
("C:\Program Files\MiKTeX 2.9\tex/latex/pgf/utilities\pgfrcs.sty"
("C:\Program Files\MiKTeX 2.9\tex/generic/pgf/utilities\pgfutil-common.tex"
\pgfutil@everybye=\toks32
\pgfutil@tempdima=\dimen191
\pgfutil@tempdimb=\dimen192

("C:\Program Files\MiKTeX 2.9\tex/generic/pgf/utilities\pgfutil-common-lists.te
x")) ("C:\Program Files\MiKTeX 2.9\tex/generic/pgf/utilities\pgfutil-latex.def"
\pgfutil@abb=\box104
("C:\Program Files\MiKTeX 2.9\tex/latex/ms\everyshi.sty"
Package: everyshi 2001/05/15 v3.00 EveryShipout Package (MS)
))
("C:\Program Files\MiKTeX 2.9\tex/generic/pgf/utilities\pgfrcs.code.tex"
("C:\Program Files\MiKTeX 2.9\tex/generic/pgf\pgf.revision.tex")
Package: pgfrcs 2020/01/08 v3.1.5b (3.1.5b)
))
Package: pgf 2020/01/08 v3.1.5b (3.1.5b)

("C:\Program Files\MiKTeX 2.9\tex/latex/pgf/basiclayer\pgfcore.sty"
("C:\Program Files\MiKTeX 2.9\tex/latex/pgf/systemlayer\pgfsys.sty"
("C:\Program Files\MiKTeX 2.9\tex/generic/pgf/systemlayer\pgfsys.code.tex"
Package: pgfsys 2020/01/08 v3.1.5b (3.1.5b)

("C:\Program Files\MiKTeX 2.9\tex/generic/pgf/utilities\pgfkeys.code.tex"
\pgfkeys@pathtoks=\toks33
\pgfkeys@temptoks=\toks34

("C:\Program Files\MiKTeX 2.9\tex/generic/pgf/utilities\pgfkeysfiltered.code.te
x"
\pgfkeys@tmptoks=\toks35
))
\pgf@x=\dimen193
\pgf@y=\dimen194
\pgf@xa=\dimen195
\pgf@ya=\dimen196
\pgf@xb=\dimen197
\pgf@yb=\dimen198
\pgf@xc=\dimen199
\pgf@yc=\dimen256
\pgf@xd=\dimen257
\pgf@yd=\dimen258
\w@pgf@writea=\write3
\r@pgf@reada=\read2
\c@pgf@counta=\count326
\c@pgf@countb=\count327
\c@pgf@countc=\count328
\c@pgf@countd=\count329
\t@pgf@toka=\toks36
\t@pgf@tokb=\toks37
\t@pgf@tokc=\toks38
\pgf@sys@id@count=\count330
 ("C:\Program Files\MiKTeX 2.9\tex/generic/pgf/systemlayer\pgf.cfg"
File: pgf.cfg 2020/01/08 v3.1.5b (3.1.5b)
)
Driver file for pgf: pgfsys-pdftex.def

("C:\Program Files\MiKTeX 2.9\tex/generic/pgf/systemlayer\pgfsys-pdftex.def"
File: pgfsys-pdftex.def 2020/01/08 v3.1.5b (3.1.5b)

("C:\Program Files\MiKTeX 2.9\tex/generic/pgf/systemlayer\pgfsys-common-pdf.def
"
File: pgfsys-common-pdf.def 2020/01/08 v3.1.5b (3.1.5b)
)))
("C:\Program Files\MiKTeX 2.9\tex/generic/pgf/systemlayer\pgfsyssoftpath.code.t
ex"
File: pgfsyssoftpath.code.tex 2020/01/08 v3.1.5b (3.1.5b)
\pgfsyssoftpath@smallbuffer@items=\count331
\pgfsyssoftpath@bigbuffer@items=\count332
)
("C:\Program Files\MiKTeX 2.9\tex/generic/pgf/systemlayer\pgfsysprotocol.code.t
ex"
File: pgfsysprotocol.code.tex 2020/01/08 v3.1.5b (3.1.5b)
)) ("C:\Program Files\MiKTeX 2.9\tex/generic/pgf/basiclayer\pgfcore.code.tex"
Package: pgfcore 2020/01/08 v3.1.5b (3.1.5b)
 ("C:\Program Files\MiKTeX 2.9\tex/generic/pgf/math\pgfmath.code.tex"
("C:\Program Files\MiKTeX 2.9\tex/generic/pgf/math\pgfmathcalc.code.tex"
("C:\Program Files\MiKTeX 2.9\tex/generic/pgf/math\pgfmathutil.code.tex")
("C:\Program Files\MiKTeX 2.9\tex/generic/pgf/math\pgfmathparser.code.tex"
\pgfmath@dimen=\dimen259
\pgfmath@count=\count333
\pgfmath@box=\box105
\pgfmath@toks=\toks39
\pgfmath@stack@operand=\toks40
\pgfmath@stack@operation=\toks41
)
("C:\Program Files\MiKTeX 2.9\tex/generic/pgf/math\pgfmathfunctions.code.tex"
("C:\Program Files\MiKTeX 2.9\tex/generic/pgf/math\pgfmathfunctions.basic.code.
tex")
("C:\Program Files\MiKTeX 2.9\tex/generic/pgf/math\pgfmathfunctions.trigonometr
ic.code.tex")
("C:\Program Files\MiKTeX 2.9\tex/generic/pgf/math\pgfmathfunctions.random.code
.tex")
("C:\Program Files\MiKTeX 2.9\tex/generic/pgf/math\pgfmathfunctions.comparison.
code.tex")
("C:\Program Files\MiKTeX 2.9\tex/generic/pgf/math\pgfmathfunctions.base.code.t
ex")
("C:\Program Files\MiKTeX 2.9\tex/generic/pgf/math\pgfmathfunctions.round.code.
tex")
("C:\Program Files\MiKTeX 2.9\tex/generic/pgf/math\pgfmathfunctions.misc.code.t
ex")
("C:\Program Files\MiKTeX 2.9\tex/generic/pgf/math\pgfmathfunctions.integerarit
hmetics.code.tex")))
("C:\Program Files\MiKTeX 2.9\tex/generic/pgf/math\pgfmathfloat.code.tex"
\c@pgfmathroundto@lastzeros=\count334
))
("C:\Program Files\MiKTeX 2.9\tex/generic/pgf/math\pgfint.code.tex")
("C:\Program Files\MiKTeX 2.9\tex/generic/pgf/basiclayer\pgfcorepoints.code.tex
"
File: pgfcorepoints.code.tex 2020/01/08 v3.1.5b (3.1.5b)
\pgf@picminx=\dimen260
\pgf@picmaxx=\dimen261
\pgf@picminy=\dimen262
\pgf@picmaxy=\dimen263
\pgf@pathminx=\dimen264
\pgf@pathmaxx=\dimen265
\pgf@pathminy=\dimen266
\pgf@pathmaxy=\dimen267
\pgf@xx=\dimen268
\pgf@xy=\dimen269
\pgf@yx=\dimen270
\pgf@yy=\dimen271
\pgf@zx=\dimen272
\pgf@zy=\dimen273
)
("C:\Program Files\MiKTeX 2.9\tex/generic/pgf/basiclayer\pgfcorepathconstruct.c
ode.tex"
File: pgfcorepathconstruct.code.tex 2020/01/08 v3.1.5b (3.1.5b)
\pgf@path@lastx=\dimen274
\pgf@path@lasty=\dimen275
)
("C:\Program Files\MiKTeX 2.9\tex/generic/pgf/basiclayer\pgfcorepathusage.code.
tex"
File: pgfcorepathusage.code.tex 2020/01/08 v3.1.5b (3.1.5b)
\pgf@shorten@end@additional=\dimen276
\pgf@shorten@start@additional=\dimen277
)
("C:\Program Files\MiKTeX 2.9\tex/generic/pgf/basiclayer\pgfcorescopes.code.tex
"
File: pgfcorescopes.code.tex 2020/01/08 v3.1.5b (3.1.5b)
\pgfpic=\box106
\pgf@hbox=\box107
\pgf@layerbox@main=\box108
\pgf@picture@serial@count=\count335
)
("C:\Program Files\MiKTeX 2.9\tex/generic/pgf/basiclayer\pgfcoregraphicstate.co
de.tex"
File: pgfcoregraphicstate.code.tex 2020/01/08 v3.1.5b (3.1.5b)
\pgflinewidth=\dimen278
)
("C:\Program Files\MiKTeX 2.9\tex/generic/pgf/basiclayer\pgfcoretransformations
.code.tex"
File: pgfcoretransformations.code.tex 2020/01/08 v3.1.5b (3.1.5b)
\pgf@pt@x=\dimen279
\pgf@pt@y=\dimen280
\pgf@pt@temp=\dimen281
)
("C:\Program Files\MiKTeX 2.9\tex/generic/pgf/basiclayer\pgfcorequick.code.tex"
File: pgfcorequick.code.tex 2020/01/08 v3.1.5b (3.1.5b)
)
("C:\Program Files\MiKTeX 2.9\tex/generic/pgf/basiclayer\pgfcoreobjects.code.te
x"
File: pgfcoreobjects.code.tex 2020/01/08 v3.1.5b (3.1.5b)
)
("C:\Program Files\MiKTeX 2.9\tex/generic/pgf/basiclayer\pgfcorepathprocessing.
code.tex"
File: pgfcorepathprocessing.code.tex 2020/01/08 v3.1.5b (3.1.5b)
)
("C:\Program Files\MiKTeX 2.9\tex/generic/pgf/basiclayer\pgfcorearrows.code.tex
"
File: pgfcorearrows.code.tex 2020/01/08 v3.1.5b (3.1.5b)
\pgfarrowsep=\dimen282
)
("C:\Program Files\MiKTeX 2.9\tex/generic/pgf/basiclayer\pgfcoreshade.code.tex"
File: pgfcoreshade.code.tex 2020/01/08 v3.1.5b (3.1.5b)
\pgf@max=\dimen283
\pgf@sys@shading@range@num=\count336
\pgf@shadingcount=\count337
) ("C:\Program Files\MiKTeX 2.9\tex/generic/pgf/basiclayer\pgfcoreimage.code.te
x"
File: pgfcoreimage.code.tex 2020/01/08 v3.1.5b (3.1.5b)

("C:\Program Files\MiKTeX 2.9\tex/generic/pgf/basiclayer\pgfcoreexternal.code.t
ex"
File: pgfcoreexternal.code.tex 2020/01/08 v3.1.5b (3.1.5b)
\pgfexternal@startupbox=\box109
))
("C:\Program Files\MiKTeX 2.9\tex/generic/pgf/basiclayer\pgfcorelayers.code.tex
"
File: pgfcorelayers.code.tex 2020/01/08 v3.1.5b (3.1.5b)
)
("C:\Program Files\MiKTeX 2.9\tex/generic/pgf/basiclayer\pgfcoretransparency.co
de.tex"
File: pgfcoretransparency.code.tex 2020/01/08 v3.1.5b (3.1.5b)
)
("C:\Program Files\MiKTeX 2.9\tex/generic/pgf/basiclayer\pgfcorepatterns.code.t
ex"
File: pgfcorepatterns.code.tex 2020/01/08 v3.1.5b (3.1.5b)
)
("C:\Program Files\MiKTeX 2.9\tex/generic/pgf/basiclayer\pgfcorerdf.code.tex"
File: pgfcorerdf.code.tex 2020/01/08 v3.1.5b (3.1.5b)
))) ("C:\Program Files\MiKTeX 2.9\tex/generic/pgf/modules\pgfmoduleshapes.code.
tex"
File: pgfmoduleshapes.code.tex 2020/01/08 v3.1.5b (3.1.5b)
\pgfnodeparttextbox=\box110
) ("C:\Program Files\MiKTeX 2.9\tex/generic/pgf/modules\pgfmoduleplot.code.tex"
File: pgfmoduleplot.code.tex 2020/01/08 v3.1.5b (3.1.5b)
)
("C:\Program Files\MiKTeX 2.9\tex/latex/pgf/compatibility\pgfcomp-version-0-65.
sty"
Package: pgfcomp-version-0-65 2020/01/08 v3.1.5b (3.1.5b)
\pgf@nodesepstart=\dimen284
\pgf@nodesepend=\dimen285
)
("C:\Program Files\MiKTeX 2.9\tex/latex/pgf/compatibility\pgfcomp-version-1-18.
sty"
Package: pgfcomp-version-1-18 2020/01/08 v3.1.5b (3.1.5b)
)) ("C:\Program Files\MiKTeX 2.9\tex/latex/pgf/utilities\pgffor.sty"
("C:\Program Files\MiKTeX 2.9\tex/latex/pgf/utilities\pgfkeys.sty"
("C:\Program Files\MiKTeX 2.9\tex/generic/pgf/utilities\pgfkeys.code.tex"))
("C:\Program Files\MiKTeX 2.9\tex/latex/pgf/math\pgfmath.sty"
("C:\Program Files\MiKTeX 2.9\tex/generic/pgf/math\pgfmath.code.tex"))
("C:\Program Files\MiKTeX 2.9\tex/generic/pgf/utilities\pgffor.code.tex"
Package: pgffor 2020/01/08 v3.1.5b (3.1.5b)

("C:\Program Files\MiKTeX 2.9\tex/generic/pgf/math\pgfmath.code.tex")
\pgffor@iter=\dimen286
\pgffor@skip=\dimen287
\pgffor@stack=\toks42
\pgffor@toks=\toks43
))
("C:\Program Files\MiKTeX 2.9\tex/generic/pgf/frontendlayer/tikz\tikz.code.tex"
Package: tikz 2020/01/08 v3.1.5b (3.1.5b)

("C:\Program Files\MiKTeX 2.9\tex/generic/pgf/libraries\pgflibraryplothandlers.
code.tex"
File: pgflibraryplothandlers.code.tex 2020/01/08 v3.1.5b (3.1.5b)
\pgf@plot@mark@count=\count338
\pgfplotmarksize=\dimen288
)
\tikz@lastx=\dimen289
\tikz@lasty=\dimen290
\tikz@lastxsaved=\dimen291
\tikz@lastysaved=\dimen292
\tikz@lastmovetox=\dimen293
\tikz@lastmovetoy=\dimen294
\tikzleveldistance=\dimen295
\tikzsiblingdistance=\dimen296
\tikz@figbox=\box111
\tikz@figbox@bg=\box112
\tikz@tempbox=\box113
\tikz@tempbox@bg=\box114
\tikztreelevel=\count339
\tikznumberofchildren=\count340
\tikznumberofcurrentchild=\count341
\tikz@fig@count=\count342

("C:\Program Files\MiKTeX 2.9\tex/generic/pgf/modules\pgfmodulematrix.code.tex"
File: pgfmodulematrix.code.tex 2020/01/08 v3.1.5b (3.1.5b)
\pgfmatrixcurrentrow=\count343
\pgfmatrixcurrentcolumn=\count344
\pgf@matrix@numberofcolumns=\count345
)
\tikz@expandcount=\count346

("C:\Program Files\MiKTeX 2.9\tex/generic/pgf/frontendlayer/tikz/libraries\tikz
librarytopaths.code.tex"
File: tikzlibrarytopaths.code.tex 2020/01/08 v3.1.5b (3.1.5b)
)))) (konfigurasi.tex)
("C:\Program Files\MiKTeX 2.9\tex/latex/l3backend\l3backend-pdfmode.def"
File: l3backend-pdfmode.def 2020-03-12 L3 backend support: PDF mode
\l__kernel_color_stack_int=\count347
\l__pdf_internal_box=\box115
)
(Main_Diploma.aux (sampul.aux) (orisinalitas.aux) (pengesahan.aux) (abstrak.aux
) (abstract.aux) (persembahan.aux) (pengantar.aux) (bab1.aux) (bab2.aux

LaTeX Warning: Label `fig:31' multiply defined.


LaTeX Warning: Label `fig:31' multiply defined.

) (bab3.aux

LaTeX Warning: Label `fig:31' multiply defined.


LaTeX Warning: Label `fig:31' multiply defined.


LaTeX Warning: Label `fig:32' multiply defined.


LaTeX Warning: Label `fig:32' multiply defined.

) (bab4.aux) (bab5.aux))
\openout1 = `Main_Diploma.aux'.

LaTeX Font Info:    Checking defaults for OML/cmm/m/it on input line 20.
LaTeX Font Info:    ... okay on input line 20.
LaTeX Font Info:    Checking defaults for OMS/pzccm/m/n on input line 20.
LaTeX Font Info:    Trying to load font information for OMS+pzccm on input line
 20.

("C:\Program Files\MiKTeX 2.9\tex/latex/psnfss\omspzccm.fd"
File: omspzccm.fd 2000/01/03 Fontinst v1.801 font definitions for OMS/pzccm.
)
LaTeX Font Info:    ... okay on input line 20.
LaTeX Font Info:    Checking defaults for OT1/cmr/m/n on input line 20.
LaTeX Font Info:    ... okay on input line 20.
LaTeX Font Info:    Checking defaults for T1/cmr/m/n on input line 20.
LaTeX Font Info:    ... okay on input line 20.
LaTeX Font Info:    Checking defaults for TS1/cmr/m/n on input line 20.
LaTeX Font Info:    ... okay on input line 20.
LaTeX Font Info:    Checking defaults for OMX/cmex/m/n on input line 20.
LaTeX Font Info:    ... okay on input line 20.
LaTeX Font Info:    Checking defaults for U/cmr/m/n on input line 20.
LaTeX Font Info:    ... okay on input line 20.
LaTeX Font Info:    Checking defaults for PD1/pdf/m/n on input line 20.
LaTeX Font Info:    ... okay on input line 20.
\AtBeginShipoutBox=\box116
Package hyperref Info: Link coloring OFF on input line 20.

("C:\Program Files\MiKTeX 2.9\tex/latex/hyperref\nameref.sty"
Package: nameref 2019/09/16 v2.46 Cross-referencing by name of section

("C:\Program Files\MiKTeX 2.9\tex/latex/refcount\refcount.sty"
Package: refcount 2019/12/15 v3.6 Data extraction from label references (HO)
)
("C:\Program Files\MiKTeX 2.9\tex/generic/gettitlestring\gettitlestring.sty"
Package: gettitlestring 2019/12/15 v1.6 Cleanup title references (HO)
)
\c@section@level=\count348
)
LaTeX Info: Redefining \ref on input line 20.
LaTeX Info: Redefining \pageref on input line 20.
LaTeX Info: Redefining \nameref on input line 20.

(Main_Diploma.out) (Main_Diploma.out)
\@outlinefile=\write4
\openout4 = `Main_Diploma.out'.


("C:\Program Files\MiKTeX 2.9\tex/context/base/mkii\supp-pdf.mkii"
[Loading MPS to PDF converter (version 2006.09.02).]
\scratchcounter=\count349
\scratchdimen=\dimen297
\scratchbox=\box117
\nofMPsegments=\count350
\nofMParguments=\count351
\everyMPshowfont=\toks44
\MPscratchCnt=\count352
\MPscratchDim=\dimen298
\MPnumerator=\count353
\makeMPintoPDFobject=\count354
\everyMPtoPDFconversion=\toks45
) ("C:\Program Files\MiKTeX 2.9\tex/latex/epstopdf-pkg\epstopdf-base.sty"
Package: epstopdf-base 2020-01-24 v2.11 Base part for package epstopdf
Package epstopdf-base Info: Redefining graphics rule for `.eps' on input line 4
85.
)
*geometry* driver: auto-detecting
*geometry* detected driver: pdftex
*geometry* verbose mode - [ preamble ] result:
* driver: pdftex
* paper: a4paper
* layout: <same size as paper>
* layoutoffset:(h,v)=(0.0pt,0.0pt)
* modes: 
* h-part:(L,W,R)=(113.81102pt, 398.3386pt, 85.35826pt)
* v-part:(T,H,B)=(85.35826pt, 674.33032pt, 85.35826pt)
* \paperwidth=597.50787pt
* \paperheight=845.04684pt
* \textwidth=398.3386pt
* \textheight=674.33032pt
* \oddsidemargin=41.54103pt
* \evensidemargin=41.54103pt
* \topmargin=-11.91173pt
* \headheight=0.0pt
* \headsep=25.0pt
* \topskip=12.0pt
* \footskip=30.0pt
* \marginparwidth=35.0pt
* \marginparsep=10.0pt
* \columnsep=10.0pt
* \skip\footins=10.8pt plus 4.0pt minus 2.0pt
* \hoffset=0.0pt
* \voffset=0.0pt
* \mag=1000
* \@twocolumnfalse
* \@twosidefalse
* \@mparswitchfalse
* \@reversemarginfalse
* (1in=72.27pt=25.4mm, 1cm=28.453pt)

Package caption Info: Begin \AtBeginDocument code.
Package caption Info: float package is loaded.
Package caption Info: listings package is loaded.
Package caption Info: End \AtBeginDocument code.
("C:\Program Files\MiKTeX 2.9\tex/latex/pdflscape\pdflscape.sty"
Package: pdflscape 2019/12/05 v0.12 Display of landscape pages in PDF (HO)
Package pdflscape Info: Auto-detected driver: pdftex on input line 81.
)
\c@lstlisting=\count355

ABD: EveryShipout initializing macros
\openout2 = `sampul.aux'.

 (sampul.tex
LaTeX Font Info:    Trying to load font information for OT1+ptmcm on input line
 23.

("C:\Program Files\MiKTeX 2.9\tex/latex/psnfss\ot1ptmcm.fd"
File: ot1ptmcm.fd 2000/01/03 Fontinst v1.801 font definitions for OT1/ptmcm.
)
LaTeX Font Info:    Trying to load font information for OML+ptmcm on input line
 23.

("C:\Program Files\MiKTeX 2.9\tex/latex/psnfss\omlptmcm.fd"
File: omlptmcm.fd 2000/01/03 Fontinst v1.801 font definitions for OML/ptmcm.
)
LaTeX Font Info:    Trying to load font information for OMX+psycm on input line
 23.

("C:\Program Files\MiKTeX 2.9\tex/latex/psnfss\omxpsycm.fd"
File: omxpsycm.fd 2000/01/03 Fontinst v1.801 font definitions for OMX/psycm.
)
LaTeX Font Info:    Font shape `OT1/ptm/bx/n' in size <12> not available
(Font)              Font shape `OT1/ptm/b/n' tried instead on input line 23.
LaTeX Font Info:    Font shape `OT1/ptm/bx/n' in size <9> not available
(Font)              Font shape `OT1/ptm/b/n' tried instead on input line 23.
LaTeX Font Info:    Font shape `OT1/ptm/bx/n' in size <7> not available
(Font)              Font shape `OT1/ptm/b/n' tried instead on input line 23.
LaTeX Font Info:    Trying to load font information for U+msa on input line 23.


("C:\Program Files\MiKTeX 2.9\tex/latex/amsfonts\umsa.fd"
File: umsa.fd 2013/01/14 v3.01 AMS symbols A
)
LaTeX Font Info:    Trying to load font information for U+msb on input line 23.


("C:\Program Files\MiKTeX 2.9\tex/latex/amsfonts\umsb.fd"
File: umsb.fd 2013/01/14 v3.01 AMS symbols B
)
<pics/Untel.jpg, id=239, 148.8105pt x 148.8105pt>
File: pics/Untel.jpg Graphic file (type jpg)
<use pics/Untel.jpg>
Package pdftex.def Info: pics/Untel.jpg  used on input line 33.
(pdftex.def)             Requested size: 148.81012pt x 148.81012pt.
 [1


{C:/Users/Zakaria Wahyu/AppData/Local/MiKTeX/2.9/pdftex/config/pdftex.map} <./p
ics/Untel.jpg>])
\openout2 = `orisinalitas.aux'.


(orisinalitas.tex) [1



]
\openout2 = `pengesahan.aux'.

 (pengesahan.tex)pdfTeX warning (ext4): destination with the same identifier (n
ame{page.}) has been already used, duplicate ignored
<to be read again> 
                   \relax 
l.33 \include{pengesahan}
                          [2



]
\openout2 = `abstrak.aux'.

 (abstrak.tex
Underfull \hbox (badness 10000) in paragraph at lines 5--7

 []


Underfull \hbox (badness 10000) in paragraph at lines 12--13

 []

[4



])
\openout2 = `abstract.aux'.

 (abstract.tex
Underfull \hbox (badness 10000) in paragraph at lines 5--7

 []


Underfull \hbox (badness 10000) in paragraph at lines 10--11

 []

[5




])

Package hyperref Warning: Token not allowed in a PDF string (PDFDocEncoding):
(hyperref)                removing `\uppercase' on input line 50.

\openout2 = `persembahan.aux'.

(persembahan.tex) [6




]

Package hyperref Warning: Token not allowed in a PDF string (PDFDocEncoding):
(hyperref)                removing `\uppercase' on input line 55.

\openout2 = `pengantar.aux'.

(pengantar.tex
Underfull \hbox (badness 10000) in paragraph at lines 4--12

 []


Underfull \hbox (badness 10000) in paragraph at lines 4--12

 []

) [7




] (Main_Diploma.toc [8



])
\tf@toc=\write5
\openout5 = `Main_Diploma.toc'.



Package Fancyhdr Warning: \headheight is too small (0.0pt): 
Make it at least 14.49998pt.
We now make it that large for the rest of the document.
This may cause the page layout to be inconsistent, however.

[9] (Main_Diploma.lof)
\tf@lof=\write6
\openout6 = `Main_Diploma.lof'.

 [10


] (Main_Diploma.lot [11


])
\tf@lot=\write7
\openout7 = `Main_Diploma.lot'.

 [12]
\openout2 = `bab1.aux'.

 (bab1.tex
BAB I.

Package hyperref Warning: Token not allowed in a PDF string (PDFDocEncoding):
(hyperref)                removing `\uppercase' on input line 2.


Underfull \hbox (badness 10000) in paragraph at lines 11--13

 []

pdfTeX warning (ext4): destination with the same identifier (name{page.1}) has 
been already used, duplicate ignored
<to be read again> 
                   \relax 
l.15 
      [1



] [2]
Underfull \hbox (badness 10000) in paragraph at lines 64--67

 []

[3]) [4]
\openout2 = `bab2.aux'.

 (bab2.tex
BAB II.

Package hyperref Warning: Token not allowed in a PDF string (PDFDocEncoding):
(hyperref)                removing `\uppercase' on input line 2.

[5



] [6] [7]
Underfull \hbox (badness 1331) in paragraph at lines 109--113
\OT1/ptm/m/n/12 \manfaat pro-gram man-a-je-men tal-enta yaitu terse-dia terus-m
enerus karyawan
 []


Underfull \hbox (badness 10000) in paragraph at lines 109--113

 []


Underfull \hbox (badness 10000) in paragraph at lines 109--113

 []

<pics/mysql.png, id=642, 994.71625pt x 513.92pt>
File: pics/mysql.png Graphic file (type png)
<use pics/mysql.png>
Package pdftex.def Info: pics/mysql.png  used on input line 121.
(pdftex.def)             Requested size: 159.333pt x 82.31512pt.
[8]
Underfull \hbox (badness 1062) in paragraph at lines 126--128
\OT1/ptm/m/n/12 berma-cam { macam ap-likasi kom-puter yang di-t-ulis den-gan be
rba-gai ba-hasa
 []


Underfull \hbox (badness 10000) in paragraph at lines 126--128

 []


Underfull \hbox (badness 2035) in paragraph at lines 145--146
[]\OT1/ptm/m/n/12 Kemampuan banyak \OT1/ptm/m/it/12 client \OT1/ptm/m/n/12 da-p
at berhubun-gan \OT1/ptm/m/it/12 server \OT1/ptm/m/n/12 pada saat yang
 []

<pics/laravel.png, id=653, 370.38374pt x 136.51pt>
File: pics/laravel.png Graphic file (type png)
<use pics/laravel.png>
Package pdftex.def Info: pics/laravel.png  used on input line 156.
(pdftex.def)             Requested size: 239.00558pt x 88.08888pt.
[9 <./pics/mysql.png>]
<pics/ilustrasimvc.jpg, id=664, 384.6872pt x 231.11343pt>
File: pics/ilustrasimvc.jpg Graphic file (type jpg)
<use pics/ilustrasimvc.jpg>
Package pdftex.def Info: pics/ilustrasimvc.jpg  used on input line 173.
(pdftex.def)             Requested size: 278.83578pt x 167.53001pt.
 [10 <./pics/laravel.png>] [11 <./pics/ilustrasimvc.jpg>] [12]) [13]
\openout2 = `bab3.aux'.

 (bab3.tex
BAB III.

Package hyperref Warning: Token not allowed in a PDF string (PDFDocEncoding):
(hyperref)                removing `\uppercase' on input line 2.

<pics/LowLevelDiagram.png, id=712, 741.77126pt x 467.7475pt>
File: pics/LowLevelDiagram.png Graphic file (type png)
<use pics/LowLevelDiagram.png>
Package pdftex.def Info: pics/LowLevelDiagram.png  used on input line 14.
(pdftex.def)             Requested size: 398.3386pt x 251.18811pt.

Underfull \hbox (badness 10000) in paragraph at lines 22--23

 []

[14



 <./pics/LowLevelDiagram.png>] [15]
<pics/diagram/flowchart.png, id=727, 1356.06625pt x 1286.8075pt>
File: pics/diagram/flowchart.png Graphic file (type png)
<use pics/diagram/flowchart.png>
Package pdftex.def Info: pics/diagram/flowchart.png  used on input line 60.
(pdftex.def)             Requested size: 398.3386pt x 377.97522pt.
 [16 <./pics/diagram/flowchart.png>]
[17]
Underfull \hbox (badness 3849) in paragraph at lines 125--126
\OT1/ptm/m/n/12 yang ter-diri atas pro-gram Apache
 []


Underfull \hbox (badness 1325) in paragraph at lines 125--126
\OT1/ptm/m/n/12 gan ba-hasa pem-ro-gra-man PHP dan
 []

[18]
<pics/diagram/usecase.png, id=741, 1197.47375pt x 988.69376pt>
File: pics/diagram/usecase.png Graphic file (type png)
<use pics/diagram/usecase.png>
Package pdftex.def Info: pics/diagram/usecase.png  used on input line 190.
(pdftex.def)             Requested size: 398.3386pt x 328.87987pt.
 [19 <./pics/diagram/usecase.png>]
LaTeX Font Info:    Trying to load font information for TS1+ptm on input line 2
10.

("C:\Program Files\MiKTeX 2.9\tex/latex/psnfss\ts1ptm.fd"
File: ts1ptm.fd 2001/06/04 font definitions for TS1/ptm.
) [20] [21] [22]
[23]
Overfull \hbox (0.82588pt too wide) in paragraph at lines 490--512
 [][] 
 []

[24] [25] [26] [27] [28] [29]
Overfull \hbox (1.49805pt too wide) in paragraph at lines 892--923
 [][] 
 []

[30]
Underfull \hbox (badness 2469) in paragraph at lines 1000--1001
[]|\OT1/ptm/m/n/12 2. Menampilkan ha-la-man data unit
 []

[31]
Underfull \hbox (badness 2469) in paragraph at lines 1056--1057
[]|\OT1/ptm/m/n/12 2. Menampilkan ha-la-man data unit
 []

[32]
Underfull \hbox (badness 2469) in paragraph at lines 1109--1110
[]|\OT1/ptm/m/n/12 2. Menampilkan ha-la-man data unit
 []

[33]
Underfull \hbox (badness 2529) in paragraph at lines 1159--1159
[]|\OT1/ptm/m/n/12 3. Memilih tam-bah ja-batan
 []

[34]
Underfull \hbox (badness 1112) in paragraph at lines 1219--1220
[]|\OT1/ptm/m/n/12 4. Menampilkan pop-up edit ja-batan
 []

[35] [36]
<pics/diagram/classdiagram.png, id=839, 1401.235pt x 1340.00626pt>
File: pics/diagram/classdiagram.png Graphic file (type png)
<use pics/diagram/classdiagram.png>
Package pdftex.def Info: pics/diagram/classdiagram.png  used on input line 1285
.
(pdftex.def)             Requested size: 398.3386pt x 380.9243pt.
<pics/diagram/erd.png, id=840, 1406.25375pt x 1289.81876pt>
File: pics/diagram/erd.png Graphic file (type png)
<use pics/diagram/erd.png>
Package pdftex.def Info: pics/diagram/erd.png  used on input line 1295.
(pdftex.def)             Requested size: 398.3386pt x 365.33885pt.
 [37 <./pics/diagram/classdiagram.png>]
<pics/admin/login.jpg, id=847, 208.269pt x 130.086pt>
File: pics/admin/login.jpg Graphic file (type jpg)
<use pics/admin/login.jpg>
Package pdftex.def Info: pics/admin/login.jpg  used on input line 1319.
(pdftex.def)             Requested size: 239.00853pt x 170.72551pt.

Underfull \hbox (badness 10000) in paragraph at lines 1320--1321
[]|\OT1/ptm/m/n/12 Halaman lo-gin
 []


Underfull \hbox (badness 10000) in paragraph at lines 1320--1321
\OT1/ptm/m/n/12 meru-pakan tampi-
 []


Underfull \hbox (badness 10000) in paragraph at lines 1320--1321
\OT1/ptm/m/n/12 lan awal apa-bila
 []


Underfull \hbox (badness 10000) in paragraph at lines 1320--1321
\OT1/ptm/m/n/12 ad-min mem-buka
 []


Underfull \hbox (badness 5756) in paragraph at lines 1320--1321
\OT1/ptm/m/n/12 ap-likasi SiP-JabS ,
 []


Underfull \hbox (badness 10000) in paragraph at lines 1320--1321
\OT1/ptm/m/n/12 in-putkan user-name
 []

<pics/admin/dashboard.jpg, id=848, 208.269pt x 130.086pt>
File: pics/admin/dashboard.jpg Graphic file (type jpg)
<use pics/admin/dashboard.jpg>
Package pdftex.def Info: pics/admin/dashboard.jpg  used on input line 1324.
(pdftex.def)             Requested size: 239.00853pt x 170.72551pt.

Underfull \hbox (badness 3579) in paragraph at lines 1325--1326
[]|\OT1/ptm/m/n/12 Didalam dash-board
 []


Underfull \hbox (badness 3271) in paragraph at lines 1325--1326
\OT1/ptm/m/n/12 lah users dari ap-
 []


Underfull \hbox (badness 1960) in paragraph at lines 1325--1326
\OT1/ptm/m/n/12 batan, unit bagian,
 []


Underfull \hbox (badness 3333) in paragraph at lines 1325--1326
\OT1/ptm/m/n/12 yang dim-i-liki para
 []

[38 <./pics/diagram/erd.png>]
<pics/admin/profile.jpg, id=854, 208.269pt x 130.086pt>
File: pics/admin/profile.jpg Graphic file (type jpg)
<use pics/admin/profile.jpg>
Package pdftex.def Info: pics/admin/profile.jpg  used on input line 1340.
(pdftex.def)             Requested size: 239.00853pt x 170.72551pt.

Underfull \hbox (badness 10000) in paragraph at lines 1341--1342
[]|\OT1/ptm/m/n/12 Halaman pro-
 []


Underfull \hbox (badness 10000) in paragraph at lines 1341--1342
\OT1/ptm/m/n/12 file ad-min akan
 []


Underfull \hbox (badness 10000) in paragraph at lines 1341--1342
\OT1/ptm/m/n/12 menampilkan data
 []


Underfull \hbox (badness 5374) in paragraph at lines 1341--1342
\OT1/ptm/m/n/12 pro-file dari ad-min
 []


Underfull \hbox (badness 10000) in paragraph at lines 1341--1342
\OT1/ptm/m/n/12 ad-min juga da-pat
 []

<pics/admin/editprofile.jpg, id=855, 208.269pt x 130.086pt>
File: pics/admin/editprofile.jpg Graphic file (type jpg)
<use pics/admin/editprofile.jpg>
Package pdftex.def Info: pics/admin/editprofile.jpg  used on input line 1345.
(pdftex.def)             Requested size: 239.00853pt x 170.72551pt.

Underfull \hbox (badness 1888) in paragraph at lines 1346--1347
[]|\OT1/ptm/m/n/12 Admin da-pat men-
 []


Underfull \hbox (badness 10000) in paragraph at lines 1346--1347
\OT1/ptm/m/n/12 gubah user-name,
 []


Underfull \hbox (badness 10000) in paragraph at lines 1346--1347
\OT1/ptm/m/n/12 meng-in-putkan
 []

File: pics/admin/profile.jpg Graphic file (type jpg)
<use pics/admin/profile.jpg>
Package pdftex.def Info: pics/admin/profile.jpg  used on input line 1350.
(pdftex.def)             Requested size: 239.00853pt x 170.72551pt.

Underfull \hbox (badness 10000) in paragraph at lines 1351--1352
[]|\OT1/ptm/m/n/12 Halaman pro-
 []


Underfull \hbox (badness 10000) in paragraph at lines 1351--1352
\OT1/ptm/m/n/12 file ad-min akan
 []


Underfull \hbox (badness 10000) in paragraph at lines 1351--1352
\OT1/ptm/m/n/12 menampilkan data
 []


Underfull \hbox (badness 10000) in paragraph at lines 1351--1352
\OT1/ptm/m/n/12 Ke-mu-dian ad-min
 []

[39 <./pics/admin/login.jpg> <./pics/admin/dashboard.jpg>]
<pics/admin/resetpassword.jpg, id=860, 208.269pt x 130.086pt>
File: pics/admin/resetpassword.jpg Graphic file (type jpg)
<use pics/admin/resetpassword.jpg>
Package pdftex.def Info: pics/admin/resetpassword.jpg  used on input line 1366.

(pdftex.def)             Requested size: 239.00853pt x 170.72551pt.

Underfull \hbox (badness 10000) in paragraph at lines 1367--1368
\OT1/ptm/m/n/12 in-putkan pass-word
 []


Underfull \hbox (badness 10000) in paragraph at lines 1367--1368
\OT1/ptm/m/n/12 yang lama serta
 []


Underfull \hbox (badness 3009) in paragraph at lines 1367--1368
\OT1/ptm/m/n/12 yang baru, sete-lah
 []


Underfull \hbox (badness 10000) in paragraph at lines 1367--1368
\OT1/ptm/m/n/12 itu ad-min da-pat
 []

<pics/admin/help.png, id=861, 208.269pt x 130.086pt>
File: pics/admin/help.png Graphic file (type png)
<use pics/admin/help.png>
Package pdftex.def Info: pics/admin/help.png  used on input line 1371.
(pdftex.def)             Requested size: 239.00853pt x 170.72551pt.
<pics/admin/datausers.jpg, id=862, 208.269pt x 130.086pt>
File: pics/admin/datausers.jpg Graphic file (type jpg)
<use pics/admin/datausers.jpg>
Package pdftex.def Info: pics/admin/datausers.jpg  used on input line 1376.
(pdftex.def)             Requested size: 239.00853pt x 170.72551pt.

Underfull \hbox (badness 2326) in paragraph at lines 1377--1378
[]|\OT1/ptm/m/n/12 Halaman data user
 []


Underfull \hbox (badness 10000) in paragraph at lines 1377--1378
\OT1/ptm/m/n/12 akan menampilkan
 []


Underfull \hbox (badness 10000) in paragraph at lines 1377--1378
\OT1/ptm/m/n/12 nama-nama yang
 []


Underfull \hbox (badness 10000) in paragraph at lines 1377--1378
\OT1/ptm/m/n/12 da-pat men-gak-ses
 []


Underfull \hbox (badness 10000) in paragraph at lines 1377--1378
\OT1/ptm/m/n/12 ap-likasi SiP-JabS
 []


Underfull \hbox (badness 2359) in paragraph at lines 1377--1378
\OT1/ptm/m/n/12 se-ba-gai ad-min dan
 []

[40 <./pics/admin/profile.jpg> <./pics/admin/editprofile.jpg>]
<pics/admin/editdatausers.jpg, id=867, 208.269pt x 130.086pt>
File: pics/admin/editdatausers.jpg Graphic file (type jpg)
<use pics/admin/editdatausers.jpg>
Package pdftex.def Info: pics/admin/editdatausers.jpg  used on input line 1392.

(pdftex.def)             Requested size: 239.00853pt x 170.72551pt.

Underfull \hbox (badness 10000) in paragraph at lines 1393--1394
\OT1/ptm/m/n/12 user-name, email,
 []


Underfull \hbox (badness 10000) in paragraph at lines 1393--1394
\OT1/ptm/m/n/12 dan role se-ba-gai
 []

<pics/admin/hapususers.jpg, id=868, 208.269pt x 130.086pt>
File: pics/admin/hapususers.jpg Graphic file (type jpg)
<use pics/admin/hapususers.jpg>
Package pdftex.def Info: pics/admin/hapususers.jpg  used on input line 1397.
(pdftex.def)             Requested size: 239.00853pt x 170.72551pt.

Underfull \hbox (badness 10000) in paragraph at lines 1398--1399
\OT1/ptm/m/n/12 ha-pus data user
 []

<pics/admin/tambahusers.jpg, id=869, 208.269pt x 130.086pt>
File: pics/admin/tambahusers.jpg Graphic file (type jpg)
<use pics/admin/tambahusers.jpg>
Package pdftex.def Info: pics/admin/tambahusers.jpg  used on input line 1402.
(pdftex.def)             Requested size: 239.00853pt x 170.72551pt.

Underfull \hbox (badness 10000) in paragraph at lines 1403--1404
[]|\OT1/ptm/m/n/12 Admin da-pat
 []


Underfull \hbox (badness 4940) in paragraph at lines 1403--1404
\OT1/ptm/m/n/12 menam-bahkan user
 []


Underfull \hbox (badness 10000) in paragraph at lines 1403--1404
\OT1/ptm/m/n/12 den-gan mengisi
 []


Underfull \hbox (badness 7133) in paragraph at lines 1403--1404
\OT1/ptm/m/n/12 form tam-bah user
 []

[41 <./pics/admin/resetpassword.jpg> <./pics/admin/help.png> <./pics/admin/data
users.jpg>]
<pics/admin/datapegawai.png, id=875, 208.269pt x 130.086pt>
File: pics/admin/datapegawai.png Graphic file (type png)
<use pics/admin/datapegawai.png>
Package pdftex.def Info: pics/admin/datapegawai.png  used on input line 1418.
(pdftex.def)             Requested size: 239.00853pt x 170.72551pt.

Underfull \hbox (badness 1521) in paragraph at lines 1419--1420
[]|\OT1/ptm/m/n/12 Admin da-pat meli-
 []


Underfull \hbox (badness 1275) in paragraph at lines 1419--1420
\OT1/ptm/m/n/12 hat daf-tar data pe-
 []


Underfull \hbox (badness 1383) in paragraph at lines 1419--1420
\OT1/ptm/m/n/12 gawai yang ada di
 []


Underfull \hbox (badness 3758) in paragraph at lines 1419--1420
\OT1/ptm/m/n/12 Uni-ver-si-tas Telkom
 []

<pics/admin/viewdetailpegawai.png, id=876, 208.269pt x 130.086pt>
File: pics/admin/viewdetailpegawai.png Graphic file (type png)
<use pics/admin/viewdetailpegawai.png>
Package pdftex.def Info: pics/admin/viewdetailpegawai.png  used on input line 1
423.
(pdftex.def)             Requested size: 239.00853pt x 170.72551pt.

Underfull \hbox (badness 7133) in paragraph at lines 1424--1425
[]|\OT1/ptm/m/n/12 Halaman ini akan
 []


Underfull \hbox (badness 10000) in paragraph at lines 1424--1425
\OT1/ptm/m/n/12 menampilkan data
 []


Underfull \hbox (badness 10000) in paragraph at lines 1424--1425
\OT1/ptm/m/n/12 prib-adi dari pe-
 []

<pics/admin/datatallent.png, id=877, 208.269pt x 130.086pt>
File: pics/admin/datatallent.png Graphic file (type png)
<use pics/admin/datatallent.png>
Package pdftex.def Info: pics/admin/datatallent.png  used on input line 1428.
(pdftex.def)             Requested size: 239.00853pt x 170.72551pt.

Underfull \hbox (badness 7133) in paragraph at lines 1429--1430
[]|\OT1/ptm/m/n/12 Halaman ini akan
 []


Underfull \hbox (badness 10000) in paragraph at lines 1429--1430
\OT1/ptm/m/n/12 menampilkan data
 []


Underfull \hbox (badness 3942) in paragraph at lines 1429--1430
\OT1/ptm/m/n/12 tal-lent yang su-dah
 []


Underfull \hbox (badness 4072) in paragraph at lines 1429--1430
\OT1/ptm/m/n/12 di pilih oleh user
 []


Underfull \hbox (badness 6284) in paragraph at lines 1429--1430
\OT1/ptm/m/n/12 sesuai den-gan job
 []


Underfull \hbox (badness 10000) in paragraph at lines 1429--1430
\OT1/ptm/m/n/12 de-scrip-tion un-tuk
 []


Underfull \hbox (badness 10000) in paragraph at lines 1429--1430
\OT1/ptm/m/n/12 meng-gan-tikan atau
 []

[42 <./pics/admin/editdatausers.jpg> <./pics/admin/hapususers.jpg> <./pics/admi
n/tambahusers.jpg>]
<pics/admin/viewdetailtallent.png, id=882, 208.269pt x 130.086pt>
File: pics/admin/viewdetailtallent.png Graphic file (type png)
<use pics/admin/viewdetailtallent.png>
Package pdftex.def Info: pics/admin/viewdetailtallent.png  used on input line 1
444.
(pdftex.def)             Requested size: 239.00853pt x 170.72551pt.

Underfull \hbox (badness 1521) in paragraph at lines 1445--1446
[]|\OT1/ptm/m/n/12 Admin da-pat meli-
 []

<pics/admin/dataunitkerja.png, id=883, 208.269pt x 130.086pt>
File: pics/admin/dataunitkerja.png Graphic file (type png)
<use pics/admin/dataunitkerja.png>
Package pdftex.def Info: pics/admin/dataunitkerja.png  used on input line 1449.

(pdftex.def)             Requested size: 239.00853pt x 170.72551pt.

Underfull \hbox (badness 7133) in paragraph at lines 1450--1451
[]|\OT1/ptm/m/n/12 Halaman ini akan
 []


Underfull \hbox (badness 6348) in paragraph at lines 1450--1451
\OT1/ptm/m/n/12 unit kerja dim-u-lai
 []

<pics/admin/editunitkerja.png, id=884, 208.269pt x 130.086pt>
File: pics/admin/editunitkerja.png Graphic file (type png)
<use pics/admin/editunitkerja.png>
Package pdftex.def Info: pics/admin/editunitkerja.png  used on input line 1454.

(pdftex.def)             Requested size: 239.00853pt x 170.72551pt.

Underfull \hbox (badness 10000) in paragraph at lines 1455--1456
[]|\OT1/ptm/m/n/12 Admin da-pat
 []


Underfull \hbox (badness 10000) in paragraph at lines 1455--1456
\OT1/ptm/m/n/12 mengedit form
 []


Underfull \hbox (badness 10000) in paragraph at lines 1455--1456
\OT1/ptm/m/n/12 unit kerja apa-bila
 []


Underfull \hbox (badness 10000) in paragraph at lines 1455--1456
\OT1/ptm/m/n/12 ter-da-pat ke-bi-jakan
 []

[43 <./pics/admin/datapegawai.png> <./pics/admin/viewdetailpegawai.png> <./pics
/admin/datatallent.png>]
<pics/admin/tambahunitkerja.png, id=893, 208.269pt x 130.086pt>
File: pics/admin/tambahunitkerja.png Graphic file (type png)
<use pics/admin/tambahunitkerja.png>
Package pdftex.def Info: pics/admin/tambahunitkerja.png  used on input line 147
0.
(pdftex.def)             Requested size: 239.00853pt x 170.72551pt.

Underfull \hbox (badness 10000) in paragraph at lines 1471--1472
[]|\OT1/ptm/m/n/12 Admin da-pat
 []


Underfull \hbox (badness 4940) in paragraph at lines 1471--1472
\OT1/ptm/m/n/12 menam-bahkan data
 []


Underfull \hbox (badness 10000) in paragraph at lines 1471--1472
\OT1/ptm/m/n/12 unit kerja den-gan
 []


Underfull \hbox (badness 7168) in paragraph at lines 1471--1472
\OT1/ptm/m/n/12 but, na-mun harus
 []


Underfull \hbox (badness 6461) in paragraph at lines 1471--1472
\OT1/ptm/m/n/12 sesuai den-gan ke-
 []


Underfull \hbox (badness 3343) in paragraph at lines 1471--1472
\OT1/ptm/m/n/12 bi-jakan yang telah
 []

<pics/admin/datajabatan.png, id=894, 208.269pt x 130.086pt>
File: pics/admin/datajabatan.png Graphic file (type png)
<use pics/admin/datajabatan.png>
Package pdftex.def Info: pics/admin/datajabatan.png  used on input line 1475.
(pdftex.def)             Requested size: 239.00853pt x 170.72551pt.

Underfull \hbox (badness 7133) in paragraph at lines 1476--1477
[]|\OT1/ptm/m/n/12 Halaman ini akan
 []


Underfull \hbox (badness 10000) in paragraph at lines 1476--1477
\OT1/ptm/m/n/12 menampilkan data
 []


Underfull \hbox (badness 10000) in paragraph at lines 1476--1477
\OT1/ptm/m/n/12 ja-batan yang be-
 []


Underfull \hbox (badness 1783) in paragraph at lines 1476--1477
\OT1/ptm/m/n/12 rada di Uni-ver-si-tas
 []

<pics/admin/editjabatan.png, id=895, 208.269pt x 130.086pt>
File: pics/admin/editjabatan.png Graphic file (type png)
<use pics/admin/editjabatan.png>
Package pdftex.def Info: pics/admin/editjabatan.png  used on input line 1480.
(pdftex.def)             Requested size: 239.00853pt x 170.72551pt.

Underfull \hbox (badness 10000) in paragraph at lines 1481--1482
[]|\OT1/ptm/m/n/12 Admin da-pat
 []


Underfull \hbox (badness 10000) in paragraph at lines 1481--1482
\OT1/ptm/m/n/12 mengedit data ja-
 []


Underfull \hbox (badness 1895) in paragraph at lines 1481--1482
\OT1/ptm/m/n/12 nama ja-batan yang
 []

[44 <./pics/admin/viewdetailtallent.png> <./pics/admin/dataunitkerja.png> <./pi
cs/admin/editunitkerja.png>]
<pics/admin/tambahjabatan.png, id=903, 208.269pt x 130.086pt>
File: pics/admin/tambahjabatan.png Graphic file (type png)
<use pics/admin/tambahjabatan.png>
Package pdftex.def Info: pics/admin/tambahjabatan.png  used on input line 1496.

(pdftex.def)             Requested size: 239.00853pt x 170.72551pt.

Underfull \hbox (badness 8113) in paragraph at lines 1497--1498
[]|\OT1/ptm/m/n/12 Admin harus me-
 []


Underfull \hbox (badness 10000) in paragraph at lines 1497--1498
\OT1/ptm/m/n/12 lengkapi form
 []


Underfull \hbox (badness 4940) in paragraph at lines 1497--1498
\OT1/ptm/m/n/12 menam-bahkan data
 []

<pics/admin/dataunitbagian.png, id=904, 208.269pt x 130.086pt>
File: pics/admin/dataunitbagian.png Graphic file (type png)
<use pics/admin/dataunitbagian.png>
Package pdftex.def Info: pics/admin/dataunitbagian.png  used on input line 1501
.
(pdftex.def)             Requested size: 239.00853pt x 170.72551pt.

Underfull \hbox (badness 7133) in paragraph at lines 1502--1503
[]|\OT1/ptm/m/n/12 Halaman ini akan
 []


Underfull \hbox (badness 10000) in paragraph at lines 1502--1503
\OT1/ptm/m/n/12 kerja yang ter-da-
 []


Underfull \hbox (badness 7814) in paragraph at lines 1502--1503
\OT1/ptm/m/n/12 pat di Uni-ver-si-tas
 []

<pics/admin/editunitbagian.png, id=905, 208.269pt x 130.086pt>
File: pics/admin/editunitbagian.png Graphic file (type png)
<use pics/admin/editunitbagian.png>
Package pdftex.def Info: pics/admin/editunitbagian.png  used on input line 1506
.
(pdftex.def)             Requested size: 239.00853pt x 170.72551pt.

Underfull \hbox (badness 10000) in paragraph at lines 1507--1508
[]|\OT1/ptm/m/n/12 Admin da-pat
 []


Underfull \hbox (badness 2310) in paragraph at lines 1507--1508
\OT1/ptm/m/n/12 mengedit data unit
 []


Underfull \hbox (badness 2326) in paragraph at lines 1507--1508
\OT1/ptm/m/n/12 bagian apa-bila ada
 []


Underfull \hbox (badness 10000) in paragraph at lines 1507--1508
\OT1/ptm/m/n/12 pe-ruba-han yang
 []

[45 <./pics/admin/tambahunitkerja.png> <./pics/admin/datajabatan.png> <./pics/a
dmin/editjabatan.png>]
<pics/admin/tambahunitbagian.png, id=913, 208.269pt x 130.086pt>
File: pics/admin/tambahunitbagian.png Graphic file (type png)
<use pics/admin/tambahunitbagian.png>
Package pdftex.def Info: pics/admin/tambahunitbagian.png  used on input line 15
22.
(pdftex.def)             Requested size: 239.00853pt x 170.72551pt.

Underfull \hbox (badness 10000) in paragraph at lines 1523--1524
\OT1/ptm/m/n/12 bagian terse-but
 []


Underfull \hbox (badness 10000) in paragraph at lines 1523--1524
\OT1/ptm/m/n/12 bahkan data data
 []


Underfull \hbox (badness 10000) in paragraph at lines 1523--1524
\OT1/ptm/m/n/12 unit bagian yang
 []

<pics/admin/datajabstruk.png, id=914, 208.269pt x 130.086pt>
File: pics/admin/datajabstruk.png Graphic file (type png)
<use pics/admin/datajabstruk.png>
Package pdftex.def Info: pics/admin/datajabstruk.png  used on input line 1527.
(pdftex.def)             Requested size: 239.00853pt x 170.72551pt.

Underfull \hbox (badness 10000) in paragraph at lines 1528--1529
[]|\OT1/ptm/m/n/12 Halaman ini
 []


Underfull \hbox (badness 10000) in paragraph at lines 1528--1529
\OT1/ptm/m/n/12 menampilkan
 []


Underfull \hbox (badness 10000) in paragraph at lines 1528--1529
\OT1/ptm/m/n/12 ja-batan yang se-
 []


Underfull \hbox (badness 5217) in paragraph at lines 1528--1529
\OT1/ptm/m/n/12 cara tegas ada di
 []

<pics/admin/editjabstruk.png, id=915, 208.269pt x 130.086pt>
File: pics/admin/editjabstruk.png Graphic file (type png)
<use pics/admin/editjabstruk.png>
Package pdftex.def Info: pics/admin/editjabstruk.png  used on input line 1532.
(pdftex.def)             Requested size: 239.00853pt x 170.72551pt.

Underfull \hbox (badness 10000) in paragraph at lines 1533--1534
[]|\OT1/ptm/m/n/12 Admin da-pat
 []


Underfull \hbox (badness 10000) in paragraph at lines 1533--1534
\OT1/ptm/m/n/12 mengedit data
 []


Underfull \hbox (badness 3942) in paragraph at lines 1533--1534
\OT1/ptm/m/n/12 dan harus mengisi
 []

[46 <./pics/admin/tambahjabatan.png> <./pics/admin/dataunitbagian.png> <./pics/
admin/editunitbagian.png>]
<pics/admin/tambahjabstruk.png, id=923, 208.269pt x 130.086pt>
File: pics/admin/tambahjabstruk.png Graphic file (type png)
<use pics/admin/tambahjabstruk.png>
Package pdftex.def Info: pics/admin/tambahjabstruk.png  used on input line 1548
.
(pdftex.def)             Requested size: 239.00853pt x 170.72551pt.

Underfull \hbox (badness 8113) in paragraph at lines 1549--1550
[]|\OT1/ptm/m/n/12 Admin harus me-
 []

<pics/admin/datapendidikan.png, id=924, 208.269pt x 130.086pt>
File: pics/admin/datapendidikan.png Graphic file (type png)
<use pics/admin/datapendidikan.png>
Package pdftex.def Info: pics/admin/datapendidikan.png  used on input line 1553
.
(pdftex.def)             Requested size: 239.00853pt x 170.72551pt.

Underfull \hbox (badness 7133) in paragraph at lines 1554--1555
[]|\OT1/ptm/m/n/12 Halaman ini akan
 []


Underfull \hbox (badness 10000) in paragraph at lines 1554--1555
\OT1/ptm/m/n/12 menampilkan data
 []


Underfull \hbox (badness 10000) in paragraph at lines 1554--1555
\OT1/ptm/m/n/12 pen-didikan yang
 []


Underfull \hbox (badness 10000) in paragraph at lines 1554--1555
\OT1/ptm/m/n/12 dim-i-liki pe-gawai
 []

<pics/admin/editpendidikan.png, id=925, 208.269pt x 130.086pt>
File: pics/admin/editpendidikan.png Graphic file (type png)
<use pics/admin/editpendidikan.png>
Package pdftex.def Info: pics/admin/editpendidikan.png  used on input line 1558
.
(pdftex.def)             Requested size: 239.00853pt x 170.72551pt.

Underfull \hbox (badness 10000) in paragraph at lines 1559--1560
[]|\OT1/ptm/m/n/12 Apabila in-gin
 []


Underfull \hbox (badness 10000) in paragraph at lines 1559--1560
\OT1/ptm/m/n/12 mengedit maka
 []


Underfull \hbox (badness 10000) in paragraph at lines 1559--1560
\OT1/ptm/m/n/12 in-putkan jen-jang
 []


Underfull \hbox (badness 10000) in paragraph at lines 1559--1560
\OT1/ptm/m/n/12 pen-didikan serta
 []

[47 <./pics/admin/tambahunitbagian.png> <./pics/admin/datajabstruk.png> <./pics
/admin/editjabstruk.png>]
<pics/admin/tambahpendidikan.png, id=933, 208.269pt x 130.086pt>
File: pics/admin/tambahpendidikan.png Graphic file (type png)
<use pics/admin/tambahpendidikan.png>
Package pdftex.def Info: pics/admin/tambahpendidikan.png  used on input line 15
74.
(pdftex.def)             Requested size: 239.00853pt x 170.72551pt.

Underfull \hbox (badness 10000) in paragraph at lines 1575--1576
[]|\OT1/ptm/m/n/12 Admin da-pat
 []


Underfull \hbox (badness 4940) in paragraph at lines 1575--1576
\OT1/ptm/m/n/12 menam-bahkan data
 []


Underfull \hbox (badness 10000) in paragraph at lines 1575--1576
\OT1/ptm/m/n/12 pen-didikan apa-bila
 []


Underfull \hbox (badness 10000) in paragraph at lines 1575--1576
\OT1/ptm/m/n/12 belum ada data
 []


Underfull \hbox (badness 10000) in paragraph at lines 1575--1576
\OT1/ptm/m/n/12 pen-didikan yang
 []


Underfull \hbox (badness 10000) in paragraph at lines 1575--1576
\OT1/ptm/m/n/12 dim-i-liki pe-gawai
 []

<pics/admin/dataskill.png, id=934, 208.269pt x 130.086pt>
File: pics/admin/dataskill.png Graphic file (type png)
<use pics/admin/dataskill.png>
Package pdftex.def Info: pics/admin/dataskill.png  used on input line 1579.
(pdftex.def)             Requested size: 239.00853pt x 170.72551pt.

Underfull \hbox (badness 7133) in paragraph at lines 1580--1581
[]|\OT1/ptm/m/n/12 Halaman ini akan
 []


Underfull \hbox (badness 10000) in paragraph at lines 1580--1581
\OT1/ptm/m/n/12 menampilkan skill
 []


Underfull \hbox (badness 10000) in paragraph at lines 1580--1581
\OT1/ptm/m/n/12 yang dim-i-liki pe-
 []


Underfull \hbox (badness 10000) in paragraph at lines 1580--1581
\OT1/ptm/m/n/12 gawai Uni-ver-si-tas
 []


Underfull \hbox (badness 3019) in paragraph at lines 1580--1581
\OT1/ptm/m/n/12 Telkom un-tuk me-
 []

<pics/admin/editskill.png, id=935, 208.269pt x 130.086pt>
File: pics/admin/editskill.png Graphic file (type png)
<use pics/admin/editskill.png>
Package pdftex.def Info: pics/admin/editskill.png  used on input line 1584.
(pdftex.def)             Requested size: 239.00853pt x 170.72551pt.

Underfull \hbox (badness 10000) in paragraph at lines 1585--1586
[]|\OT1/ptm/m/n/12 Admin da-pat
 []

[48 <./pics/admin/tambahjabstruk.png> <./pics/admin/datapendidikan.png> <./pics
/admin/editpendidikan.png>]
<pics/admin/tambahskill.png, id=943, 208.269pt x 130.086pt>
File: pics/admin/tambahskill.png Graphic file (type png)
<use pics/admin/tambahskill.png>
Package pdftex.def Info: pics/admin/tambahskill.png  used on input line 1600.
(pdftex.def)             Requested size: 239.00853pt x 170.72551pt.

Underfull \hbox (badness 10000) in paragraph at lines 1601--1602
[]|\OT1/ptm/m/n/12 Admin da-pat
 []


Underfull \hbox (badness 4940) in paragraph at lines 1601--1602
\OT1/ptm/m/n/12 menam-bahkan data
 []


Underfull \hbox (badness 10000) in paragraph at lines 1601--1602
\OT1/ptm/m/n/12 skill baru apa-
 []


Underfull \hbox (badness 10000) in paragraph at lines 1601--1602
\OT1/ptm/m/n/12 bila ter-da-pat data
 []


Underfull \hbox (badness 10000) in paragraph at lines 1601--1602
\OT1/ptm/m/n/12 skill yang belum
 []

[49 <./pics/admin/tambahpendidikan.png> <./pics/admin/dataskill.png> <./pics/ad
min/editskill.png>]
<pics/user/login.png, id=952, 208.269pt x 130.086pt>
File: pics/user/login.png Graphic file (type png)
<use pics/user/login.png>
Package pdftex.def Info: pics/user/login.png  used on input line 1619.
(pdftex.def)             Requested size: 239.00853pt x 170.72551pt.

Underfull \hbox (badness 10000) in paragraph at lines 1620--1621
[]|\OT1/ptm/m/n/12 Halaman lo-gin
 []


Underfull \hbox (badness 10000) in paragraph at lines 1620--1621
\OT1/ptm/m/n/12 awal apa-bila user
 []


Underfull \hbox (badness 10000) in paragraph at lines 1620--1621
\OT1/ptm/m/n/12 mem-buka ap-likasi
 []


Underfull \hbox (badness 1242) in paragraph at lines 1620--1621
\OT1/ptm/m/n/12 meng-in-putkan user-
 []


Underfull \hbox (badness 10000) in paragraph at lines 1620--1621
\OT1/ptm/m/n/12 un-tuk melakukan
 []

<pics/user/dashboard.png, id=953, 208.269pt x 130.086pt>
File: pics/user/dashboard.png Graphic file (type png)
<use pics/user/dashboard.png>
Package pdftex.def Info: pics/user/dashboard.png  used on input line 1624.
(pdftex.def)             Requested size: 239.00853pt x 170.72551pt.

Underfull \hbox (badness 7133) in paragraph at lines 1625--1626
[]|\OT1/ptm/m/n/12 Halaman ini akan
 []


Underfull \hbox (badness 10000) in paragraph at lines 1625--1626
\OT1/ptm/m/n/12 menampilkan jum-
 []


Underfull \hbox (badness 5050) in paragraph at lines 1625--1626
\OT1/ptm/m/n/12 men-gak-ses ap-likasi
 []


Underfull \hbox (badness 10000) in paragraph at lines 1625--1626
\OT1/ptm/m/n/12 SiP-JabS, jum-lah
 []


Underfull \hbox (badness 3758) in paragraph at lines 1625--1626
\OT1/ptm/m/n/12 Uni-ver-si-tas Telkom
 []

<pics/user/profile.png, id=954, 208.269pt x 130.086pt>
File: pics/user/profile.png Graphic file (type png)
<use pics/user/profile.png>
Package pdftex.def Info: pics/user/profile.png  used on input line 1629.
(pdftex.def)             Requested size: 239.00853pt x 170.72551pt.

Underfull \hbox (badness 10000) in paragraph at lines 1630--1631
\OT1/ptm/m/n/12 akan menampilkan
 []


Underfull \hbox (badness 10000) in paragraph at lines 1630--1631
\OT1/ptm/m/n/12 user-name, email,
 []

[50 <./pics/admin/tambahskill.png>]
<pics/user/editprofile.png, id=960, 208.269pt x 130.086pt>
File: pics/user/editprofile.png Graphic file (type png)
<use pics/user/editprofile.png>
Package pdftex.def Info: pics/user/editprofile.png  used on input line 1646.
(pdftex.def)             Requested size: 239.00853pt x 170.72551pt.

Underfull \hbox (badness 10000) in paragraph at lines 1647--1648
[]|\OT1/ptm/m/n/12 User da-pat men-
 []


Underfull \hbox (badness 10000) in paragraph at lines 1647--1648
\OT1/ptm/m/n/12 gubah user-name,
 []


Underfull \hbox (badness 10000) in paragraph at lines 1647--1648
\OT1/ptm/m/n/12 meng-in-putkan
 []

<pics/user/resetpassword.png, id=961, 208.269pt x 130.086pt>
File: pics/user/resetpassword.png Graphic file (type png)
<use pics/user/resetpassword.png>
Package pdftex.def Info: pics/user/resetpassword.png  used on input line 1651.
(pdftex.def)             Requested size: 239.00853pt x 170.72551pt.

Underfull \hbox (badness 6220) in paragraph at lines 1652--1653
[]|\OT1/ptm/m/n/12 User harus meng-
 []


Underfull \hbox (badness 10000) in paragraph at lines 1652--1653
\OT1/ptm/m/n/12 in-putkan pass-word
 []


Underfull \hbox (badness 10000) in paragraph at lines 1652--1653
\OT1/ptm/m/n/12 yang lama serta
 []


Underfull \hbox (badness 10000) in paragraph at lines 1652--1653
\OT1/ptm/m/n/12 yang baru, sete-
 []


Underfull \hbox (badness 3260) in paragraph at lines 1652--1653
\OT1/ptm/m/n/12 lah itu user da-pat
 []

<pics/user/help.png, id=962, 208.269pt x 130.086pt>
File: pics/user/help.png Graphic file (type png)
<use pics/user/help.png>
Package pdftex.def Info: pics/user/help.png  used on input line 1656.
(pdftex.def)             Requested size: 239.00853pt x 170.72551pt.

Underfull \hbox (badness 1622) in paragraph at lines 1657--1658
[]|\OT1/ptm/m/n/12 Pada ha-la-man help
 []


Underfull \hbox (badness 2799) in paragraph at lines 1657--1658
\OT1/ptm/m/n/12 akan men-ge-nai in-
 []

[51 <./pics/user/login.png> <./pics/user/dashboard.png> <./pics/user/profile.pn
g>]
<pics/user/caritallent.png, id=970, 208.269pt x 130.086pt>
File: pics/user/caritallent.png Graphic file (type png)
<use pics/user/caritallent.png>
Package pdftex.def Info: pics/user/caritallent.png  used on input line 1672.
(pdftex.def)             Requested size: 239.00853pt x 170.72551pt.

Underfull \hbox (badness 10000) in paragraph at lines 1673--1674
\OT1/ptm/m/n/12 ja-batan dan masa
 []


Underfull \hbox (badness 10000) in paragraph at lines 1673--1674
\OT1/ptm/m/n/12 kerja yang di-
 []


Underfull \hbox (badness 10000) in paragraph at lines 1673--1674
\OT1/ptm/m/n/12 inginkan un-tuk
 []


Underfull \hbox (badness 10000) in paragraph at lines 1673--1674
\OT1/ptm/m/n/12 men-gan-tikan atau
 []

<pics/user/hasiltallent.png, id=971, 208.269pt x 130.086pt>
File: pics/user/hasiltallent.png Graphic file (type png)
<use pics/user/hasiltallent.png>
Package pdftex.def Info: pics/user/hasiltallent.png  used on input line 1677.
(pdftex.def)             Requested size: 239.00853pt x 170.72551pt.

Underfull \hbox (badness 7133) in paragraph at lines 1678--1679
[]|\OT1/ptm/m/n/12 Halaman ini akan
 []


Underfull \hbox (badness 3407) in paragraph at lines 1678--1679
\OT1/ptm/m/n/12 den-gan syarat ten-
 []

<pics/user/viewdetailtallent.png, id=972, 208.269pt x 130.086pt>
File: pics/user/viewdetailtallent.png Graphic file (type png)
<use pics/user/viewdetailtallent.png>
Package pdftex.def Info: pics/user/viewdetailtallent.png  used on input line 16
82.
(pdftex.def)             Requested size: 239.00853pt x 170.72551pt.

Underfull \hbox (badness 7133) in paragraph at lines 1683--1684
[]|\OT1/ptm/m/n/12 Halaman ini akan
 []


Underfull \hbox (badness 10000) in paragraph at lines 1683--1684
\OT1/ptm/m/n/12 menampilkan data
 []


Underfull \hbox (badness 2790) in paragraph at lines 1683--1684
\OT1/ptm/m/n/12 prib-adi dari tal-lent
 []

[52 <./pics/user/editprofile.png> <./pics/user/resetpassword.png> <./pics/user/
help.png>]
<pics/user/datatallent.png, id=980, 208.269pt x 130.086pt>
File: pics/user/datatallent.png Graphic file (type png)
<use pics/user/datatallent.png>
Package pdftex.def Info: pics/user/datatallent.png  used on input line 1698.
(pdftex.def)             Requested size: 239.00853pt x 170.72551pt.

Underfull \hbox (badness 7133) in paragraph at lines 1699--1700
[]|\OT1/ptm/m/n/12 Halaman ini akan
 []


Underfull \hbox (badness 10000) in paragraph at lines 1699--1700
\OT1/ptm/m/n/12 menampilkan data
 []


Underfull \hbox (badness 3942) in paragraph at lines 1699--1700
\OT1/ptm/m/n/12 tal-lent yang su-dah
 []


Underfull \hbox (badness 1715) in paragraph at lines 1699--1700
\OT1/ptm/m/n/12 di proses dari cart
 []

[53 <./pics/user/caritallent.png> <./pics/user/hasiltallent.png> <./pics/user/v
iewdetailtallent.png>]
<pics/highleveldesign.png, id=988, 469.755pt x 296.7888pt>
File: pics/highleveldesign.png Graphic file (type png)
<use pics/highleveldesign.png>
Package pdftex.def Info: pics/highleveldesign.png  used on input line 1711.
(pdftex.def)             Requested size: 358.50229pt x 226.49925pt.
) [54 <./pics/user/datatallent.png> <./pics/highleveldesign.png>]
\openout2 = `bab4.aux'.

 (bab4.tex
BAB IV.

Package hyperref Warning: Token not allowed in a PDF string (PDFDocEncoding):
(hyperref)                removing `\uppercase' on input line 2.

<pics/PagingLib.png, id=995, 1606.0pt x 691.58376pt>
File: pics/PagingLib.png Graphic file (type png)
<use pics/PagingLib.png>
Package pdftex.def Info: pics/PagingLib.png  used on input line 19.
(pdftex.def)             Requested size: 358.50229pt x 154.3755pt.

Underfull \hbox (badness 10000) in paragraph at lines 27--28

 []


Underfull \hbox (badness 10000) in paragraph at lines 33--34

 []

[55



 <./pics/PagingLib.png (PNG copy)>]
<pics/lena.png, id=1002, 513.92pt x 513.92pt>
File: pics/lena.png Graphic file (type png)
<use pics/lena.png>
Package pdftex.def Info: pics/lena.png  used on input line 40.
(pdftex.def)             Requested size: 179.25114pt x 179.25519pt.
<pics/baboon.png, id=1003, 30.8352pt x 30.8352pt>
File: pics/baboon.png Graphic file (type png)
<use pics/baboon.png>
Package pdftex.def Info: pics/baboon.png  used on input line 46.
(pdftex.def)             Requested size: 179.25114pt x 179.29167pt.

Underfull \hbox (badness 10000) in paragraph at lines 59--60

 []

[56 <./pics/lena.png (PNG copy)> <./pics/baboon.png (PNG copy)>]
Underfull \hbox (badness 10000) in paragraph at lines 64--65

 []


Underfull \hbox (badness 10000) in paragraph at lines 67--68

 []


Underfull \hbox (badness 10000) in paragraph at lines 73--74

 []

[57]
<pics/graph1.jpg, id=1012, 736.25063pt x 321.45094pt>
File: pics/graph1.jpg Graphic file (type jpg)
<use pics/graph1.jpg>
Package pdftex.def Info: pics/graph1.jpg  used on input line 83.
(pdftex.def)             Requested size: 318.67209pt x 139.13843pt.
)
Underfull \hbox (badness 10000) in paragraph at lines 88--84

 []

[58 <./pics/graph1.jpg>]
\openout2 = `bab5.aux'.

 (bab5.tex
BAB V.

Package hyperref Warning: Token not allowed in a PDF string (PDFDocEncoding):
(hyperref)                removing `\uppercase' on input line 2.


Underfull \hbox (badness 10000) in paragraph at lines 8--9

 []

)
Underfull \hbox (badness 10000) in paragraph at lines 14--87

 []

[59



] (Main_Diploma.bbl
Underfull \hbox (badness 2875) in paragraph at lines 9--12
[]\OT1/ptm/m/n/12 M. M. W. Muham-mad Ekhsan, Aziz Fathoni, ``Pen-garuh pen-gala
-man
 []

) [60


]
Package atveryend Info: Empty hook `BeforeClearDocument' on input line 94.
Package atveryend Info: Empty hook `AfterLastShipout' on input line 94.
 (Main_Diploma.aux (sampul.aux) (orisinalitas.aux) (pengesahan.aux)
(abstrak.aux) (abstract.aux) (persembahan.aux) (pengantar.aux) (bab1.aux)
(bab2.aux) (bab3.aux) (bab4.aux) (bab5.aux))
Package atveryend Info: Executing hook `AtVeryEndDocument' on input line 94.
Package atveryend Info: Executing hook `AtEndAfterFileList' on input line 94.
Package rerunfilecheck Info: File `Main_Diploma.out' has not changed.
(rerunfilecheck)             Checksum: C0316A2583D11ACCA1D2D822F16A0815;3931.


LaTeX Warning: There were multiply-defined labels.

Package atveryend Info: Empty hook `AtVeryVeryEnd' on input line 94.
 ) 
Here is how much of TeX's memory you used:
 22955 strings out of 480930
 411742 string characters out of 2909522
 661388 words of memory out of 3000000
 37924 multiletter control sequences out of 15000+200000
 557954 words of font info for 70 fonts, out of 3000000 for 9000
 1141 hyphenation exceptions out of 8191
 68i,15n,64p,1092b,612s stack positions out of 5000i,500n,10000p,200000b,50000s
{C:/Program Files/MiKTeX 2.9/fonts/enc/dvips/base/8r.enc}<C:/Program Files/Mi
KTeX 2.9/fonts/type1/urw/times/utmb8a.pfb><C:/Program Files/MiKTeX 2.9/fonts/ty
pe1/urw/times/utmbi8a.pfb><C:/Program Files/MiKTeX 2.9/fonts/type1/urw/times/ut
mr8a.pfb><C:/Program Files/MiKTeX 2.9/fonts/type1/urw/times/utmri8a.pfb>
Output written on Main_Diploma.pdf (72 pages, 3684032 bytes).
PDF statistics:
 1103 PDF objects out of 1200 (max. 8388607)
 281 named destinations out of 1000 (max. 500000)
 765 words of extra memory for PDF output out of 10000 (max. 10000000)

